2026-06-25T17:28:11+02:00 job start kind=extraction
2026-06-25T17:28:11+02:00 setting start dataset=electricity lags=168 horizon=24
2026-06-25 17:28:14,904 INFO [__main__] ========================================================================
2026-06-25 17:28:14,904 INFO [__main__] experiment start kind=univariate dataset=electricity model=chronos lags=168 horizon=24
2026-06-25 17:28:15,160 INFO [__main__] dataset load start
2026-06-25 17:28:15,856 INFO [__main__] dataset load done dates=26304 users=313
2026-06-25 17:28:15,856 INFO [__main__] model load start
2026-06-25 17:28:33,108 INFO [__main__] model load done device=cuda
2026-06-25 17:28:33,122 INFO [__main__] evaluation start split=eval queries=40
2026-06-25 17:31:17,316 INFO [__main__] evaluation done split=eval
2026-06-25 17:31:18,399 INFO [__main__] outputs saved dir=/home/h61084/codes/ts-ifa/outputs/results/electricity/168_24/direct/chronos
2026-06-25 17:31:18,399 INFO [__main__] experiment done seconds=183.49
2026-06-25 17:31:18,399 INFO [__main__] ========================================================================
2026-06-25T17:31:19+02:00 extraction start dataset=electricity lags=168 horizon=24 run=chronos_instance_euclidean_10_online
2026-06-25 17:31:22,869 INFO [__main__] ========================================================================
2026-06-25 17:31:22,869 INFO [__main__] experiment start kind=extraction dataset=electricity model=chronos lags=168 horizon=24 neighbors=10 distance=instance/euclidean
2026-06-25 17:31:23,116 INFO [__main__] dataset load start
2026-06-25 17:31:23,795 INFO [__main__] dataset load done dates=26304 users=313
2026-06-25 17:31:23,795 INFO [__main__] model load start
2026-06-25 17:31:40,285 INFO [__main__] model load done name=chronos device=cuda parameters_total=119,477,664 parameters_trainable=0
2026-06-25 17:31:40,294 INFO [__main__] extraction start split=train queries=376
2026-06-25 17:40:25,782 INFO [__main__] extraction done split=train
2026-06-25 17:40:25,782 INFO [__main__] extraction start split=oracle queries=157
2026-06-25 17:44:03,993 INFO [__main__] extraction done split=oracle
2026-06-25 17:44:03,993 INFO [__main__] extraction start split=eval queries=40
2026-06-25 17:45:00,046 INFO [__main__] extraction done split=eval
2026-06-25 17:45:00,928 INFO [__main__] outputs saved dir=/home/h61084/codes/ts-ifa/outputs/results/electricity/168_24/chronos_instance_euclidean_10_online
2026-06-25 17:45:00,928 INFO [__main__] experiment done seconds=818.06
2026-06-25 17:45:00,929 INFO [__main__] ========================================================================
2026-06-25T17:45:01+02:00 extraction done dataset=electricity lags=168 horizon=24 run=chronos_instance_euclidean_10_online
2026-06-25T17:45:01+02:00 setting done dataset=electricity lags=168 horizon=24
2026-06-25T17:45:01+02:00 setting start dataset=electricity lags=672 horizon=168
2026-06-25 17:45:05,373 INFO [__main__] ========================================================================
2026-06-25 17:45:05,373 INFO [__main__] experiment start kind=univariate dataset=electricity model=chronos lags=672 horizon=168
2026-06-25 17:45:05,647 INFO [__main__] dataset load start
2026-06-25 17:45:06,331 INFO [__main__] dataset load done dates=26304 users=313
2026-06-25 17:45:06,332 INFO [__main__] model load start
2026-06-25 17:45:22,885 INFO [__main__] model load done device=cuda
2026-06-25 17:45:22,913 INFO [__main__] evaluation start split=eval queries=35
2026-06-25 17:47:49,129 INFO [__main__] evaluation done split=eval
2026-06-25 17:47:50,136 INFO [__main__] outputs saved dir=/home/h61084/codes/ts-ifa/outputs/results/electricity/672_168/direct/chronos
2026-06-25 17:47:50,136 INFO [__main__] experiment done seconds=164.76
2026-06-25 17:47:50,136 INFO [__main__] ========================================================================
2026-06-25T17:47:50+02:00 extraction start dataset=electricity lags=672 horizon=168 run=chronos_instance_euclidean_10_online
2026-06-25 17:47:54,453 INFO [__main__] ========================================================================
2026-06-25 17:47:54,454 INFO [__main__] experiment start kind=extraction dataset=electricity model=chronos lags=672 horizon=168 neighbors=10 distance=instance/euclidean
2026-06-25 17:47:54,728 INFO [__main__] dataset load start
2026-06-25 17:47:55,417 INFO [__main__] dataset load done dates=26304 users=313
2026-06-25 17:47:55,417 INFO [__main__] model load start
2026-06-25 17:48:11,501 INFO [__main__] model load done name=chronos device=cuda parameters_total=119,477,664 parameters_trainable=0
2026-06-25 17:48:11,510 INFO [__main__] extraction start split=train queries=349
2026-06-25 18:10:46,717 INFO [__main__] extraction done split=train
2026-06-25 18:10:46,717 INFO [__main__] extraction start split=oracle queries=130
2026-06-25 18:19:09,916 INFO [__main__] extraction done split=oracle
2026-06-25 18:19:09,917 INFO [__main__] extraction start split=eval queries=35
2026-06-25 18:21:24,989 INFO [__main__] extraction done split=eval
2026-06-25 18:21:26,215 INFO [__main__] outputs saved dir=/home/h61084/codes/ts-ifa/outputs/results/electricity/672_168/chronos_instance_euclidean_10_online
2026-06-25 18:21:26,215 INFO [__main__] experiment done seconds=2011.76
2026-06-25 18:21:26,216 INFO [__main__] ========================================================================
2026-06-25T18:21:27+02:00 extraction done dataset=electricity lags=672 horizon=168 run=chronos_instance_euclidean_10_online
2026-06-25T18:21:27+02:00 setting done dataset=electricity lags=672 horizon=168
2026-06-25T18:21:27+02:00 setting start dataset=solar lags=168 horizon=24
2026-06-25 18:21:30,797 INFO [__main__] ========================================================================
2026-06-25 18:21:30,797 INFO [__main__] experiment start kind=univariate dataset=solar model=chronos lags=168 horizon=24
2026-06-25 18:21:31,104 INFO [__main__] dataset load start
2026-06-25 18:21:31,472 INFO [__main__] dataset load done dates=8760 users=137
2026-06-25 18:21:31,473 INFO [__main__] model load start
2026-06-25 18:21:48,458 INFO [__main__] model load done device=cuda
2026-06-25 18:21:48,489 INFO [__main__] evaluation start split=eval queries=13
2026-06-25 18:21:56,360 INFO [__main__] evaluation done split=eval
2026-06-25 18:21:57,203 INFO [__main__] outputs saved dir=/home/h61084/codes/ts-ifa/outputs/results/solar/168_24/direct/chronos
2026-06-25 18:21:57,203 INFO [__main__] experiment done seconds=26.41
2026-06-25 18:21:57,203 INFO [__main__] ========================================================================
2026-06-25T18:21:58+02:00 extraction start dataset=solar lags=168 horizon=24 run=chronos_instance_euclidean_10_online
2026-06-25 18:22:01,061 INFO [__main__] ========================================================================
2026-06-25 18:22:01,061 INFO [__main__] experiment start kind=extraction dataset=solar model=chronos lags=168 horizon=24 neighbors=10 distance=instance/euclidean
2026-06-25 18:22:01,347 INFO [__main__] dataset load start
2026-06-25 18:22:01,707 INFO [__main__] dataset load done dates=8760 users=137
2026-06-25 18:22:01,707 INFO [__main__] model load start
2026-06-25 18:22:13,258 INFO [__main__] model load done name=chronos device=cuda parameters_total=119,477,664 parameters_trainable=0
2026-06-25 18:22:13,266 INFO [__main__] extraction start split=train queries=120
2026-06-25 18:23:24,252 INFO [__main__] extraction done split=train
2026-06-25 18:23:24,252 INFO [__main__] extraction start split=oracle queries=47
2026-06-25 18:23:51,779 INFO [__main__] extraction done split=oracle
2026-06-25 18:23:51,780 INFO [__main__] extraction start split=eval queries=13
2026-06-25 18:23:59,514 INFO [__main__] extraction done split=eval
2026-06-25 18:24:00,214 INFO [__main__] outputs saved dir=/home/h61084/codes/ts-ifa/outputs/results/solar/168_24/chronos_instance_euclidean_10_online
2026-06-25 18:24:00,214 INFO [__main__] experiment done seconds=119.15
2026-06-25 18:24:00,214 INFO [__main__] ========================================================================
2026-06-25T18:24:01+02:00 extraction done dataset=solar lags=168 horizon=24 run=chronos_instance_euclidean_10_online
2026-06-25T18:24:01+02:00 setting done dataset=solar lags=168 horizon=24
2026-06-25T18:24:01+02:00 setting start dataset=solar lags=672 horizon=168
2026-06-25 18:24:04,695 INFO [__main__] ========================================================================
2026-06-25 18:24:04,695 INFO [__main__] experiment start kind=univariate dataset=solar model=chronos lags=672 horizon=168
2026-06-25 18:24:04,998 INFO [__main__] dataset load start
2026-06-25 18:24:05,363 INFO [__main__] dataset load done dates=8760 users=137
2026-06-25 18:24:05,363 INFO [__main__] model load start
2026-06-25 18:24:22,070 INFO [__main__] model load done device=cuda
2026-06-25 18:24:22,079 INFO [__main__] evaluation start split=eval queries=8
2026-06-25 18:24:27,381 INFO [__main__] evaluation done split=eval
2026-06-25 18:24:28,285 INFO [__main__] outputs saved dir=/home/h61084/codes/ts-ifa/outputs/results/solar/672_168/direct/chronos
2026-06-25 18:24:28,285 INFO [__main__] experiment done seconds=23.59
2026-06-25 18:24:28,285 INFO [__main__] ========================================================================
2026-06-25T18:24:29+02:00 extraction start dataset=solar lags=672 horizon=168 run=chronos_instance_euclidean_10_online
2026-06-25 18:24:32,048 INFO [__main__] ========================================================================
2026-06-25 18:24:32,048 INFO [__main__] experiment start kind=extraction dataset=solar model=chronos lags=672 horizon=168 neighbors=10 distance=instance/euclidean
2026-06-25 18:24:32,364 INFO [__main__] dataset load start
2026-06-25 18:24:32,725 INFO [__main__] dataset load done dates=8760 users=137
2026-06-25 18:24:32,725 INFO [__main__] model load start
2026-06-25 18:24:44,121 INFO [__main__] model load done name=chronos device=cuda parameters_total=119,477,664 parameters_trainable=0
2026-06-25 18:24:44,128 INFO [__main__] extraction start split=train queries=93
2026-06-25 18:27:13,498 INFO [__main__] extraction done split=train
2026-06-25 18:27:13,498 INFO [__main__] extraction start split=oracle queries=20
2026-06-25 18:27:45,601 INFO [__main__] extraction done split=oracle
2026-06-25 18:27:45,601 INFO [__main__] extraction start split=eval queries=8
2026-06-25 18:27:58,295 INFO [__main__] extraction done split=eval
2026-06-25 18:27:59,226 INFO [__main__] outputs saved dir=/home/h61084/codes/ts-ifa/outputs/results/solar/672_168/chronos_instance_euclidean_10_online
2026-06-25 18:27:59,226 INFO [__main__] experiment done seconds=207.18
2026-06-25 18:27:59,226 INFO [__main__] ========================================================================
2026-06-25T18:28:00+02:00 extraction done dataset=solar lags=672 horizon=168 run=chronos_instance_euclidean_10_online
2026-06-25T18:28:00+02:00 setting done dataset=solar lags=672 horizon=168
2026-06-25T18:28:00+02:00 job done kind=extraction
