Loading weights:   0%|          | 0/170 [00:00<?, ?it/s]Loading weights: 100%|██████████| 170/170 [00:00<00:00, 2246.27it/s]
Loading weights:   0%|          | 0/170 [00:00<?, ?it/s]Loading weights: 100%|██████████| 170/170 [00:00<00:00, 2156.84it/s]
Traceback (most recent call last):
  File "<frozen runpy>", line 198, in _run_module_as_main
  File "<frozen runpy>", line 88, in _run_code
  File "/home/h61084/codes/ts-ifa/ts_ifa/experiments/extraction.py", line 699, in <module>
    main()
  File "/home/h61084/codes/ts-ifa/ts_ifa/experiments/extraction.py", line 639, in main
    extract_period(
  File "/home/h61084/codes/ts-ifa/ts_ifa/experiments/extraction.py", line 275, in extract_period
    pred_context = _predict(
                   ^^^^^^^^^
  File "/home/h61084/codes/ts-ifa/ts_ifa/experiments/extraction.py", line 71, in _predict
    prediction = model(
                 ^^^^^^
  File "/home/h61084/codes/ts-ifa/.venv/lib/python3.12/site-packages/torch/nn/modules/module.py", line 1736, in _wrapped_call_impl
    return self._call_impl(*args, **kwargs)
           ^^^^^^^^^^^^^^^^^^^^^^^^^^^^^^^^
  File "/home/h61084/codes/ts-ifa/.venv/lib/python3.12/site-packages/torch/nn/modules/module.py", line 1747, in _call_impl
    return forward_call(*args, **kwargs)
           ^^^^^^^^^^^^^^^^^^^^^^^^^^^^^
  File "/home/h61084/codes/ts-ifa/ts_ifa/models/models.py", line 80, in forward
    pred = self.base_model(
           ^^^^^^^^^^^^^^^^
  File "/home/h61084/codes/ts-ifa/.venv/lib/python3.12/site-packages/torch/nn/modules/module.py", line 1736, in _wrapped_call_impl
    return self._call_impl(*args, **kwargs)
           ^^^^^^^^^^^^^^^^^^^^^^^^^^^^^^^^
  File "/home/h61084/codes/ts-ifa/.venv/lib/python3.12/site-packages/torch/nn/modules/module.py", line 1747, in _call_impl
    return forward_call(*args, **kwargs)
           ^^^^^^^^^^^^^^^^^^^^^^^^^^^^^
  File "/home/h61084/codes/ts-ifa/ts_ifa/models/chronos_model.py", line 195, in forward
    predictions = self.pipeline.predict(
                  ^^^^^^^^^^^^^^^^^^^^^^
  File "/home/h61084/codes/ts-ifa/.venv/lib/python3.12/site-packages/torch/utils/_contextlib.py", line 116, in decorate_context
    return func(*args, **kwargs)
           ^^^^^^^^^^^^^^^^^^^^^
  File "/home/h61084/codes/ts-ifa/.venv/lib/python3.12/site-packages/chronos/chronos2/pipeline.py", line 619, in predict
    test_dataset = Chronos2Dataset(
                   ^^^^^^^^^^^^^^^^
  File "/home/h61084/codes/ts-ifa/.venv/lib/python3.12/site-packages/chronos/chronos2/dataset.py", line 149, in __init__
    self.inputs = preprocess.from_list_of_dicts(cast(list[dict], inputs), prediction_length=prediction_length)
                  ^^^^^^^^^^^^^^^^^^^^^^^^^^^^^^^^^^^^^^^^^^^^^^^^^^^^^^^^^^^^^^^^^^^^^^^^^^^^^^^^^^^^^^^^^^^^
  File "/home/h61084/codes/ts-ifa/.venv/lib/python3.12/site-packages/chronos/chronos2/preprocess.py", line 263, in from_list_of_dicts
    _validate_list_of_dicts(
  File "/home/h61084/codes/ts-ifa/.venv/lib/python3.12/site-packages/chronos/chronos2/preprocess.py", line 563, in _validate_list_of_dicts
    raise ValueError(
ValueError: Expected keys in `future_covariates` must be a subset of `past_covariates` ['past_0', 'past_1', 'past_2'], but found ['future_0', 'future_1', 'future_2']
srun: error: dgx-h100: task 0: Exited with exit code 1
