2026-06-26T18:26:30+02:00 job start kind=baseline_families
2026-06-26T18:26:30+02:00 baseline start dataset=electricity lags=168 horizon=24 run=chronos_instance_euclidean_10_online
2026-06-26 18:26:34,103 INFO [__main__] ========================================================================
2026-06-26 18:26:34,120 INFO [__main__] experiment start kind=baselines input=outputs/results/electricity/168_24/chronos_instance_euclidean_10_online
2026-06-26 18:26:34,120 INFO [__main__] payload load start
2026-06-26 18:26:53,071 INFO [__main__] payload load done splits=train,oracle,eval
2026-06-26 18:26:53,071 INFO [__main__] mixture fitting start
2026-06-26 18:26:55,248 INFO [__main__] mixture fitting done
2026-06-26 18:26:55,248 INFO [__main__] evaluation start split=eval
2026-06-26 18:26:55,266 INFO [__main__] evaluation done rows=11
2026-06-26 18:26:55,653 INFO [__main__] outputs saved dir=outputs/results/electricity/168_24/chronos_instance_euclidean_10_online/baselines
2026-06-26 18:26:55,653 INFO [__main__] experiment done seconds=21.55
2026-06-26 18:26:55,653 INFO [__main__] ========================================================================
2026-06-26T18:26:56+02:00 baseline done dataset=electricity lags=168 horizon=24 run=chronos_instance_euclidean_10_online
2026-06-26T18:26:56+02:00 baseline start dataset=electricity lags=672 horizon=168 run=chronos_instance_euclidean_10_online
2026-06-26 18:26:58,954 INFO [__main__] ========================================================================
2026-06-26 18:26:58,967 INFO [__main__] experiment start kind=baselines input=outputs/results/electricity/672_168/chronos_instance_euclidean_10_online
2026-06-26 18:26:58,967 INFO [__main__] payload load start
2026-06-26 18:27:46,028 INFO [__main__] payload load done splits=train,oracle,eval
2026-06-26 18:27:46,028 INFO [__main__] mixture fitting start
2026-06-26 18:28:00,908 INFO [__main__] mixture fitting done
2026-06-26 18:28:00,908 INFO [__main__] evaluation start split=eval
2026-06-26 18:28:01,004 INFO [__main__] evaluation done rows=11
2026-06-26 18:28:03,451 INFO [__main__] outputs saved dir=outputs/results/electricity/672_168/chronos_instance_euclidean_10_online/baselines
2026-06-26 18:28:03,451 INFO [__main__] experiment done seconds=64.50
2026-06-26 18:28:03,451 INFO [__main__] ========================================================================
2026-06-26T18:28:04+02:00 baseline done dataset=electricity lags=672 horizon=168 run=chronos_instance_euclidean_10_online
2026-06-26T18:28:04+02:00 baseline start dataset=solar lags=168 horizon=24 run=chronos_instance_euclidean_10_online
2026-06-26 18:28:07,077 INFO [__main__] ========================================================================
2026-06-26 18:28:07,102 INFO [__main__] experiment start kind=baselines input=outputs/results/solar/168_24/chronos_instance_euclidean_10_online
2026-06-26 18:28:07,102 INFO [__main__] payload load start
2026-06-26 18:28:20,425 INFO [__main__] payload load done splits=train,oracle,eval
2026-06-26 18:28:20,425 INFO [__main__] mixture fitting start
2026-06-26 18:28:22,340 INFO [__main__] mixture fitting done
2026-06-26 18:28:22,341 INFO [__main__] evaluation start split=eval
2026-06-26 18:28:22,357 INFO [__main__] evaluation done rows=11
2026-06-26 18:28:22,628 INFO [__main__] outputs saved dir=outputs/results/solar/168_24/chronos_instance_euclidean_10_online/baselines
2026-06-26 18:28:22,628 INFO [__main__] experiment done seconds=15.55
2026-06-26 18:28:22,628 INFO [__main__] ========================================================================
2026-06-26T18:28:23+02:00 baseline done dataset=solar lags=168 horizon=24 run=chronos_instance_euclidean_10_online
2026-06-26T18:28:23+02:00 baseline start dataset=solar lags=672 horizon=168 run=chronos_instance_euclidean_10_online
2026-06-26 18:28:25,954 INFO [__main__] ========================================================================
2026-06-26 18:28:25,958 INFO [__main__] experiment start kind=baselines input=outputs/results/solar/672_168/chronos_instance_euclidean_10_online
2026-06-26 18:28:25,958 INFO [__main__] payload load start
2026-06-26 18:29:11,513 INFO [__main__] payload load done splits=train,oracle,eval
2026-06-26 18:29:11,514 INFO [__main__] mixture fitting start
2026-06-26 18:29:24,375 INFO [__main__] mixture fitting done
2026-06-26 18:29:24,375 INFO [__main__] evaluation start split=eval
2026-06-26 18:29:24,455 INFO [__main__] evaluation done rows=11
2026-06-26 18:29:26,843 INFO [__main__] outputs saved dir=outputs/results/solar/672_168/chronos_instance_euclidean_10_online/baselines
2026-06-26 18:29:26,844 INFO [__main__] experiment done seconds=60.89
2026-06-26 18:29:26,844 INFO [__main__] ========================================================================
2026-06-26T18:29:27+02:00 baseline done dataset=solar lags=672 horizon=168 run=chronos_instance_euclidean_10_online
2026-06-26T18:29:27+02:00 job done kind=baseline_families
