Traceback (most recent call last):
  File "/home/h61084/codes/ts-ifa/.venv/lib/python3.12/site-packages/transformers/utils/hub.py", line 437, in cached_files
    hf_hub_download(
  File "/home/h61084/codes/ts-ifa/.venv/lib/python3.12/site-packages/huggingface_hub/utils/_validators.py", line 84, in _inner_fn
    validate_repo_id(arg_value)
  File "/home/h61084/codes/ts-ifa/.venv/lib/python3.12/site-packages/huggingface_hub/utils/_validators.py", line 132, in validate_repo_id
    raise HFValidationError(
huggingface_hub.errors.HFValidationError: Repo id must be in the form 'repo_name' or 'namespace/repo_name': '/home/h61084/codes/weights/chronos2'. Use `repo_type` argument if needed.

The above exception was the direct cause of the following exception:

Traceback (most recent call last):
  File "<frozen runpy>", line 198, in _run_module_as_main
  File "<frozen runpy>", line 88, in _run_code
  File "/home/h61084/codes/ts-ifa/ts_ifa/experiments/experiment_univariate.py", line 283, in <module>
    main()
  File "/home/h61084/codes/ts-ifa/ts_ifa/experiments/experiment_univariate.py", line 225, in main
    model = load_pretrained_model(
            ^^^^^^^^^^^^^^^^^^^^^^
  File "/home/h61084/codes/ts-ifa/ts_ifa/data/load_dataset_model.py", line 299, in load_pretrained_model
    model = load_model(
            ^^^^^^^^^^^
  File "/home/h61084/codes/ts-ifa/ts_ifa/models/models.py", line 192, in load_model
    base = registry[key](lags=lags, dim=dim, horizon=horizon, **kwargs)
           ^^^^^^^^^^^^^^^^^^^^^^^^^^^^^^^^^^^^^^^^^^^^^^^^^^^^^^^^^^^^
  File "/home/h61084/codes/ts-ifa/ts_ifa/models/chronos_model.py", line 99, in __init__
    self.pipeline = pipeline_cls.from_pretrained(
                    ^^^^^^^^^^^^^^^^^^^^^^^^^^^^^
  File "/home/h61084/codes/ts-ifa/.venv/lib/python3.12/site-packages/chronos/base.py", line 378, in from_pretrained
    config = AutoConfig.from_pretrained(pretrained_model_name_or_path, **kwargs)
             ^^^^^^^^^^^^^^^^^^^^^^^^^^^^^^^^^^^^^^^^^^^^^^^^^^^^^^^^^^^^^^^^^^^
  File "/home/h61084/codes/ts-ifa/.venv/lib/python3.12/site-packages/transformers/models/auto/configuration_auto.py", line 376, in from_pretrained
    config_dict, unused_kwargs = PreTrainedConfig.get_config_dict(pretrained_model_name_or_path, **kwargs)
                                 ^^^^^^^^^^^^^^^^^^^^^^^^^^^^^^^^^^^^^^^^^^^^^^^^^^^^^^^^^^^^^^^^^^^^^^^^^
  File "/home/h61084/codes/ts-ifa/.venv/lib/python3.12/site-packages/transformers/configuration_utils.py", line 687, in get_config_dict
    config_dict, kwargs = cls._get_config_dict(pretrained_model_name_or_path, **kwargs)
                          ^^^^^^^^^^^^^^^^^^^^^^^^^^^^^^^^^^^^^^^^^^^^^^^^^^^^^^^^^^^^^
  File "/home/h61084/codes/ts-ifa/.venv/lib/python3.12/site-packages/transformers/configuration_utils.py", line 742, in _get_config_dict
    resolved_config_file = cached_file(
                           ^^^^^^^^^^^^
  File "/home/h61084/codes/ts-ifa/.venv/lib/python3.12/site-packages/transformers/utils/hub.py", line 293, in cached_file
    file = cached_files(path_or_repo_id=path_or_repo_id, filenames=[filename], **kwargs)
           ^^^^^^^^^^^^^^^^^^^^^^^^^^^^^^^^^^^^^^^^^^^^^^^^^^^^^^^^^^^^^^^^^^^^^^^^^^^^^
  File "/home/h61084/codes/ts-ifa/.venv/lib/python3.12/site-packages/transformers/utils/hub.py", line 488, in cached_files
    raise OSError(f"{e}") from e
OSError: Repo id must be in the form 'repo_name' or 'namespace/repo_name': '/home/h61084/codes/weights/chronos2'. Use `repo_type` argument if needed.
srun: error: dgx-h100: task 0: Exited with exit code 1
