2026-06-26T18:26:33+02:00 job start kind=gate_families
2026-06-26T18:26:33+02:00 gates start dataset=electricity lags=168 horizon=24 run=chronos_instance_euclidean_10_online
2026-06-26 18:26:36,430 INFO [__main__] ========================================================================
2026-06-26 18:26:36,431 INFO [__main__] experiment start kind=gates input=outputs/results/electricity/168_24/chronos_instance_euclidean_10_online
2026-06-26 18:26:36,431 INFO [__main__] payload load start
2026-06-26 18:26:53,065 INFO [__main__] payload load done splits=train,oracle,eval
2026-06-26 18:26:53,065 INFO [__main__] context gate fitting start objectives=classifier,regressor shapes=scalar,horizon
2026-06-26 18:27:42,818 INFO [__main__] context gate fitting done
2026-06-26 18:27:42,818 INFO [__main__] evaluation start split=eval
2026-06-26 18:27:42,829 INFO [__main__] evaluation done rows=6
2026-06-26 18:27:43,280 INFO [__main__] outputs saved dir=outputs/results/electricity/168_24/chronos_instance_euclidean_10_online/gates
2026-06-26 18:27:43,280 INFO [__main__] experiment done seconds=66.85
2026-06-26 18:27:43,280 INFO [__main__] ========================================================================
2026-06-26T18:27:43+02:00 gates done dataset=electricity lags=168 horizon=24 run=chronos_instance_euclidean_10_online
2026-06-26T18:27:43+02:00 gates start dataset=electricity lags=672 horizon=168 run=chronos_instance_euclidean_10_online
2026-06-26 18:27:47,374 INFO [__main__] ========================================================================
2026-06-26 18:27:47,377 INFO [__main__] experiment start kind=gates input=outputs/results/electricity/672_168/chronos_instance_euclidean_10_online
2026-06-26 18:27:47,377 INFO [__main__] payload load start
2026-06-26 18:27:59,466 INFO [__main__] payload load done splits=train,oracle,eval
2026-06-26 18:27:59,467 INFO [__main__] context gate fitting start objectives=classifier,regressor shapes=scalar,horizon
2026-06-26 18:37:57,844 INFO [__main__] context gate fitting done
2026-06-26 18:37:57,844 INFO [__main__] evaluation start split=eval
2026-06-26 18:37:57,887 INFO [__main__] evaluation done rows=6
2026-06-26 18:38:01,345 INFO [__main__] outputs saved dir=outputs/results/electricity/672_168/chronos_instance_euclidean_10_online/gates
2026-06-26 18:38:01,345 INFO [__main__] experiment done seconds=613.97
2026-06-26 18:38:01,345 INFO [__main__] ========================================================================
2026-06-26T18:38:02+02:00 gates done dataset=electricity lags=672 horizon=168 run=chronos_instance_euclidean_10_online
2026-06-26T18:38:02+02:00 gates start dataset=solar lags=168 horizon=24 run=chronos_instance_euclidean_10_online
2026-06-26 18:38:05,792 INFO [__main__] ========================================================================
2026-06-26 18:38:05,796 INFO [__main__] experiment start kind=gates input=outputs/results/solar/168_24/chronos_instance_euclidean_10_online
2026-06-26 18:38:05,796 INFO [__main__] payload load start
2026-06-26 18:38:10,609 INFO [__main__] payload load done splits=train,oracle,eval
2026-06-26 18:38:10,609 INFO [__main__] context gate fitting start objectives=classifier,regressor shapes=scalar,horizon
2026-06-26 18:38:56,243 INFO [__main__] context gate fitting done
2026-06-26 18:38:56,243 INFO [__main__] evaluation start split=eval
2026-06-26 18:38:56,251 INFO [__main__] evaluation done rows=6
2026-06-26 18:38:56,643 INFO [__main__] outputs saved dir=outputs/results/solar/168_24/chronos_instance_euclidean_10_online/gates
2026-06-26 18:38:56,643 INFO [__main__] experiment done seconds=50.85
2026-06-26 18:38:56,643 INFO [__main__] ========================================================================
2026-06-26T18:38:57+02:00 gates done dataset=solar lags=168 horizon=24 run=chronos_instance_euclidean_10_online
2026-06-26T18:38:57+02:00 gates start dataset=solar lags=672 horizon=168 run=chronos_instance_euclidean_10_online
2026-06-26 18:39:00,084 INFO [__main__] ========================================================================
2026-06-26 18:39:00,103 INFO [__main__] experiment start kind=gates input=outputs/results/solar/672_168/chronos_instance_euclidean_10_online
2026-06-26 18:39:00,103 INFO [__main__] payload load start
2026-06-26 18:39:11,069 INFO [__main__] payload load done splits=train,oracle,eval
2026-06-26 18:39:11,069 INFO [__main__] context gate fitting start objectives=classifier,regressor shapes=scalar,horizon
2026-06-26 18:49:11,761 INFO [__main__] context gate fitting done
2026-06-26 18:49:11,761 INFO [__main__] evaluation start split=eval
2026-06-26 18:49:11,805 INFO [__main__] evaluation done rows=6
2026-06-26 18:49:14,795 INFO [__main__] outputs saved dir=outputs/results/solar/672_168/chronos_instance_euclidean_10_online/gates
2026-06-26 18:49:14,795 INFO [__main__] experiment done seconds=614.71
2026-06-26 18:49:14,795 INFO [__main__] ========================================================================
2026-06-26T18:49:15+02:00 gates done dataset=solar lags=672 horizon=168 run=chronos_instance_euclidean_10_online
2026-06-26T18:49:15+02:00 job done kind=gate_families
