2026-06-24T17:57:11+02:00 job start kind=gate_families
2026-06-24T17:57:11+02:00 gates start dataset=electricity lags=168 horizon=24 run=chronos_instance_euclidean_10_online
2026-06-24 17:57:14,453 INFO [__main__] ========================================================================
2026-06-24 17:57:14,456 INFO [__main__] experiment start kind=gates input=outputs/results/electricity/168_24/chronos_instance_euclidean_10_online
2026-06-24 17:57:14,456 INFO [__main__] payload load start
2026-06-24 17:57:17,374 INFO [__main__] payload load done splits=train,oracle,eval
2026-06-24 17:57:17,374 INFO [__main__] context gate fitting start objectives=classifier,regressor shapes=scalar,horizon
2026-06-24 17:57:39,608 INFO [__main__] context gate fitting done
2026-06-24 17:57:39,608 INFO [__main__] evaluation start split=eval
2026-06-24 17:57:39,617 INFO [__main__] evaluation done rows=6
2026-06-24 17:57:39,768 INFO [__main__] outputs saved dir=outputs/results/electricity/168_24/chronos_instance_euclidean_10_online/gates
2026-06-24 17:57:39,768 INFO [__main__] experiment done seconds=25.31
2026-06-24 17:57:39,768 INFO [__main__] ========================================================================
2026-06-24T17:57:40+02:00 gates done dataset=electricity lags=168 horizon=24 run=chronos_instance_euclidean_10_online
2026-06-24T17:57:40+02:00 gates start dataset=electricity lags=672 horizon=168 run=chronos_instance_euclidean_10_online
2026-06-24 17:57:43,424 INFO [__main__] ========================================================================
2026-06-24 17:57:43,427 INFO [__main__] experiment start kind=gates input=outputs/results/electricity/672_168/chronos_instance_euclidean_10_online
2026-06-24 17:57:43,427 INFO [__main__] payload load start
2026-06-24 17:57:47,934 INFO [__main__] payload load done splits=train,oracle,eval
2026-06-24 17:57:47,935 INFO [__main__] context gate fitting start objectives=classifier,regressor shapes=scalar,horizon
2026-06-24 18:02:58,118 INFO [__main__] context gate fitting done
2026-06-24 18:02:58,118 INFO [__main__] evaluation start split=eval
2026-06-24 18:02:58,162 INFO [__main__] evaluation done rows=6
2026-06-24 18:02:59,177 INFO [__main__] outputs saved dir=outputs/results/electricity/672_168/chronos_instance_euclidean_10_online/gates
2026-06-24 18:02:59,177 INFO [__main__] experiment done seconds=315.75
2026-06-24 18:02:59,177 INFO [__main__] ========================================================================
2026-06-24T18:02:59+02:00 gates done dataset=electricity lags=672 horizon=168 run=chronos_instance_euclidean_10_online
2026-06-24T18:02:59+02:00 gates start dataset=solar lags=168 horizon=24 run=chronos_instance_euclidean_10_online
2026-06-24 18:03:03,221 INFO [__main__] ========================================================================
2026-06-24 18:03:03,225 INFO [__main__] experiment start kind=gates input=outputs/results/solar/168_24/chronos_instance_euclidean_10_online
2026-06-24 18:03:03,225 INFO [__main__] payload load start
2026-06-24 18:03:05,514 INFO [__main__] payload load done splits=train,oracle,eval
2026-06-24 18:03:05,514 INFO [__main__] context gate fitting start objectives=classifier,regressor shapes=scalar,horizon
2026-06-24 18:03:17,638 INFO [__main__] context gate fitting done
2026-06-24 18:03:17,638 INFO [__main__] evaluation start split=eval
2026-06-24 18:03:17,639 INFO [__main__] evaluation done rows=6
2026-06-24 18:03:17,725 INFO [__main__] outputs saved dir=outputs/results/solar/168_24/chronos_instance_euclidean_10_online/gates
2026-06-24 18:03:17,726 INFO [__main__] experiment done seconds=14.50
2026-06-24 18:03:17,726 INFO [__main__] ========================================================================
2026-06-24T18:03:18+02:00 gates done dataset=solar lags=168 horizon=24 run=chronos_instance_euclidean_10_online
2026-06-24T18:03:18+02:00 gates start dataset=solar lags=672 horizon=168 run=chronos_instance_euclidean_10_online
2026-06-24 18:03:20,927 INFO [__main__] ========================================================================
2026-06-24 18:03:20,931 INFO [__main__] experiment start kind=gates input=outputs/results/solar/672_168/chronos_instance_euclidean_10_online
2026-06-24 18:03:20,931 INFO [__main__] payload load start
2026-06-24 18:03:22,897 INFO [__main__] payload load done splits=train,oracle,eval
2026-06-24 18:03:22,897 INFO [__main__] context gate fitting start objectives=classifier,regressor shapes=scalar,horizon
2026-06-24 18:07:00,285 INFO [__main__] context gate fitting done
2026-06-24 18:07:00,285 INFO [__main__] evaluation start split=eval
2026-06-24 18:07:00,290 INFO [__main__] evaluation done rows=6
2026-06-24 18:07:00,861 INFO [__main__] outputs saved dir=outputs/results/solar/672_168/chronos_instance_euclidean_10_online/gates
2026-06-24 18:07:00,862 INFO [__main__] experiment done seconds=219.93
2026-06-24 18:07:00,862 INFO [__main__] ========================================================================
2026-06-24T18:07:01+02:00 gates done dataset=solar lags=672 horizon=168 run=chronos_instance_euclidean_10_online
2026-06-24T18:07:01+02:00 job done kind=gate_families
