2026-06-27T00:08:53+02:00 job start kind=ts_ifa_training
2026-06-27T00:08:53+02:00 training start dataset=electricity lags=168 horizon=24 run=chronos_instance_euclidean_10_online
2026-06-27 00:08:55,994 INFO [__main__] ========================================================================
2026-06-27 00:08:56,267 INFO [__main__] experiment start kind=ts_ifa_train input=outputs/results/electricity/168_24/chronos_instance_euclidean_10_online epochs=10000 batch_size=256
2026-06-27 00:08:56,268 INFO [__main__] payload load start
2026-06-27 00:09:14,271 INFO [__main__] payload load done train_samples=120696 valid_samples=50397 eval_samples=12840
2026-06-27 00:09:14,469 INFO [__main__] model ready name=TS-IFA device=cuda parameters_total=816,272 parameters_trainable=816,272
2026-06-27 00:09:14,469 INFO [__main__] training start
2026-06-27 00:09:15,856 INFO [__main__] training progress epoch=1/10000 train_nmse=0.175032 valid_nmse=529132053680.766296
2026-06-27 00:18:08,821 INFO [__main__] training progress epoch=500/10000 train_nmse=0.155387 valid_nmse=529132053680.766296
2026-06-27 00:27:06,471 INFO [__main__] training progress epoch=1000/10000 train_nmse=0.154307 valid_nmse=529132053680.766174
2026-06-27 00:36:05,653 INFO [__main__] training progress epoch=1500/10000 train_nmse=0.130745 valid_nmse=529132053680.765930
2026-06-27 00:45:04,149 INFO [__main__] training progress epoch=2000/10000 train_nmse=0.270485 valid_nmse=529132053680.765869
2026-06-27 00:54:00,661 INFO [__main__] training progress epoch=2500/10000 train_nmse=0.294328 valid_nmse=529132053680.765686
2026-06-27 01:02:56,873 INFO [__main__] training progress epoch=3000/10000 train_nmse=0.141905 valid_nmse=529132053680.765869
2026-06-27 01:11:57,028 INFO [__main__] training progress epoch=3500/10000 train_nmse=0.147204 valid_nmse=529132053680.765625
2026-06-27 01:20:56,105 INFO [__main__] training progress epoch=4000/10000 train_nmse=2.223440 valid_nmse=529132053680.765930
2026-06-27 01:29:54,711 INFO [__main__] training progress epoch=4500/10000 train_nmse=0.160332 valid_nmse=529132053680.765869
2026-06-27 01:38:53,608 INFO [__main__] training progress epoch=5000/10000 train_nmse=0.148028 valid_nmse=529132053680.765625
2026-06-27 01:47:56,296 INFO [__main__] training progress epoch=5500/10000 train_nmse=0.158238 valid_nmse=529132053680.766174
2026-06-27 01:56:56,121 INFO [__main__] training progress epoch=6000/10000 train_nmse=0.166093 valid_nmse=529132053680.766418
2026-06-27 02:05:56,759 INFO [__main__] training progress epoch=6500/10000 train_nmse=0.160342 valid_nmse=529132053680.766541
2026-06-27 02:14:56,425 INFO [__main__] training progress epoch=7000/10000 train_nmse=0.190386 valid_nmse=529132053680.766724
2026-06-27 02:23:55,766 INFO [__main__] training progress epoch=7500/10000 train_nmse=0.146168 valid_nmse=529132053680.767029
2026-06-27 02:32:57,151 INFO [__main__] training progress epoch=8000/10000 train_nmse=0.125610 valid_nmse=529132053680.767334
2026-06-27 02:41:59,057 INFO [__main__] training progress epoch=8500/10000 train_nmse=0.184494 valid_nmse=529132053680.767517
2026-06-27 02:50:59,768 INFO [__main__] training progress epoch=9000/10000 train_nmse=0.151799 valid_nmse=529132053680.767822
2026-06-27 02:59:58,600 INFO [__main__] training progress epoch=9500/10000 train_nmse=0.153804 valid_nmse=529132053680.766541
2026-06-27 03:08:58,631 INFO [__main__] training progress epoch=10000/10000 train_nmse=0.212176 valid_nmse=529132053680.768860
2026-06-27 03:08:58,631 INFO [__main__] training done seconds=10784.16
2026-06-27 03:08:58,631 INFO [__main__] evaluation start
2026-06-27 03:08:58,919 INFO [__main__] evaluation done adapted_nmse=183054278483321.218750
2026-06-27 03:08:59,939 INFO [__main__] outputs saved dir=outputs/results/electricity/168_24/chronos_instance_euclidean_10_online/ts_ifa
2026-06-27 03:08:59,939 INFO [__main__] experiment done seconds=10803.94
2026-06-27 03:08:59,939 INFO [__main__] ========================================================================
2026-06-27T03:09:00+02:00 training done dataset=electricity lags=168 horizon=24 run=chronos_instance_euclidean_10_online
2026-06-27T03:09:00+02:00 training start dataset=electricity lags=672 horizon=168 run=chronos_instance_euclidean_10_online
2026-06-27 03:09:03,586 INFO [__main__] ========================================================================
2026-06-27 03:09:03,889 INFO [__main__] experiment start kind=ts_ifa_train input=outputs/results/electricity/672_168/chronos_instance_euclidean_10_online epochs=10000 batch_size=256
2026-06-27 03:09:03,889 INFO [__main__] payload load start
2026-06-27 03:10:09,713 INFO [__main__] payload load done train_samples=112029 valid_samples=41730 eval_samples=11235
2026-06-27 03:10:09,956 INFO [__main__] model ready name=TS-IFA device=cuda parameters_total=1,535,984 parameters_trainable=1,535,984
2026-06-27 03:10:09,956 INFO [__main__] training start
2026-06-27 03:10:11,577 INFO [__main__] training progress epoch=1/10000 train_nmse=0.197180 valid_nmse=1987684557315874.500000
2026-06-27 03:21:29,310 INFO [__main__] training progress epoch=500/10000 train_nmse=0.191378 valid_nmse=1987684557315874.500000
2026-06-27 03:32:53,396 INFO [__main__] training progress epoch=1000/10000 train_nmse=0.801748 valid_nmse=1987684557315874.500000
2026-06-27 03:44:21,652 INFO [__main__] training progress epoch=1500/10000 train_nmse=0.192181 valid_nmse=1987684557315874.500000
2026-06-27 03:55:48,865 INFO [__main__] training progress epoch=2000/10000 train_nmse=0.321560 valid_nmse=1987684557315874.500000
2026-06-27 04:07:15,219 INFO [__main__] training progress epoch=2500/10000 train_nmse=0.172280 valid_nmse=1987684557315874.500000
2026-06-27 04:18:38,302 INFO [__main__] training progress epoch=3000/10000 train_nmse=0.192234 valid_nmse=1987684557315874.500000
2026-06-27 04:30:05,619 INFO [__main__] training progress epoch=3500/10000 train_nmse=0.224414 valid_nmse=1987684557315874.500000
2026-06-27 04:41:32,754 INFO [__main__] training progress epoch=4000/10000 train_nmse=0.280240 valid_nmse=1987684557315874.500000
2026-06-27 04:52:58,924 INFO [__main__] training progress epoch=4500/10000 train_nmse=0.439362 valid_nmse=1987684557315874.500000
2026-06-27 05:04:26,058 INFO [__main__] training progress epoch=5000/10000 train_nmse=0.164510 valid_nmse=1987684557315874.500000
2026-06-27 05:15:54,226 INFO [__main__] training progress epoch=5500/10000 train_nmse=0.313232 valid_nmse=1987684557315874.500000
2026-06-27 05:27:22,226 INFO [__main__] training progress epoch=6000/10000 train_nmse=0.401008 valid_nmse=1987684557315874.500000
2026-06-27 05:38:47,165 INFO [__main__] training progress epoch=6500/10000 train_nmse=0.196250 valid_nmse=1987684557315874.500000
2026-06-27 05:50:14,901 INFO [__main__] training progress epoch=7000/10000 train_nmse=0.173549 valid_nmse=1987684557315874.500000
2026-06-27 06:01:41,512 INFO [__main__] training progress epoch=7500/10000 train_nmse=0.489853 valid_nmse=1987684557315874.500000
2026-06-27 06:13:07,797 INFO [__main__] training progress epoch=8000/10000 train_nmse=0.206526 valid_nmse=1987684557315874.500000
2026-06-27 06:24:31,474 INFO [__main__] training progress epoch=8500/10000 train_nmse=0.177702 valid_nmse=1987684557315874.500000
2026-06-27 06:35:56,196 INFO [__main__] training progress epoch=9000/10000 train_nmse=0.207580 valid_nmse=1987684557315874.500000
2026-06-27 06:47:21,465 INFO [__main__] training progress epoch=9500/10000 train_nmse=0.215472 valid_nmse=1987684557315874.500000
2026-06-27 06:58:45,631 INFO [__main__] training progress epoch=10000/10000 train_nmse=0.163821 valid_nmse=1987684557315874.500000
2026-06-27 06:58:45,631 INFO [__main__] training done seconds=13715.68
2026-06-27 06:58:45,631 INFO [__main__] evaluation start
2026-06-27 06:58:46,095 INFO [__main__] evaluation done adapted_nmse=323648514101231.687500
2026-06-27 06:58:47,207 INFO [__main__] outputs saved dir=outputs/results/electricity/672_168/chronos_instance_euclidean_10_online/ts_ifa
2026-06-27 06:58:47,207 INFO [__main__] experiment done seconds=13783.62
2026-06-27 06:58:47,208 INFO [__main__] ========================================================================
2026-06-27T06:58:48+02:00 training done dataset=electricity lags=672 horizon=168 run=chronos_instance_euclidean_10_online
2026-06-27T06:58:48+02:00 training start dataset=solar lags=168 horizon=24 run=chronos_instance_euclidean_10_online
2026-06-27 06:58:51,102 INFO [__main__] ========================================================================
2026-06-27 06:58:51,388 INFO [__main__] experiment start kind=ts_ifa_train input=outputs/results/solar/168_24/chronos_instance_euclidean_10_online epochs=10000 batch_size=256
2026-06-27 06:58:51,389 INFO [__main__] payload load start
2026-06-27 06:59:07,064 INFO [__main__] payload load done train_samples=103983 valid_samples=43977 eval_samples=11097
2026-06-27 06:59:07,251 INFO [__main__] model ready name=TS-IFA device=cuda parameters_total=816,272 parameters_trainable=816,272
2026-06-27 06:59:07,252 INFO [__main__] training start
2026-06-27 06:59:08,508 INFO [__main__] training progress epoch=1/10000 train_nmse=0.074791 valid_nmse=0.229327
2026-06-27 07:07:10,063 INFO [__main__] training progress epoch=500/10000 train_nmse=0.078507 valid_nmse=0.228970
2026-06-27 07:15:11,232 INFO [__main__] training progress epoch=1000/10000 train_nmse=0.149223 valid_nmse=0.227183
2026-06-27 07:23:12,682 INFO [__main__] training progress epoch=1500/10000 train_nmse=0.172290 valid_nmse=0.228004
2026-06-27 07:31:15,443 INFO [__main__] training progress epoch=2000/10000 train_nmse=0.128360 valid_nmse=0.227204
2026-06-27 07:39:16,256 INFO [__main__] training progress epoch=2500/10000 train_nmse=0.108669 valid_nmse=0.229047
2026-06-27 07:47:19,777 INFO [__main__] training progress epoch=3000/10000 train_nmse=0.082980 valid_nmse=0.228919
2026-06-27 07:55:22,444 INFO [__main__] training progress epoch=3500/10000 train_nmse=0.105980 valid_nmse=0.229751
2026-06-27 08:03:23,875 INFO [__main__] training progress epoch=4000/10000 train_nmse=0.122029 valid_nmse=0.230751
2026-06-27 08:11:23,903 INFO [__main__] training progress epoch=4500/10000 train_nmse=0.143685 valid_nmse=0.230810
2026-06-27 08:19:25,296 INFO [__main__] training progress epoch=5000/10000 train_nmse=0.161115 valid_nmse=0.232114
2026-06-27 08:27:31,349 INFO [__main__] training progress epoch=5500/10000 train_nmse=0.128901 valid_nmse=0.230862
2026-06-27 08:35:38,984 INFO [__main__] training progress epoch=6000/10000 train_nmse=0.100565 valid_nmse=0.234534
2026-06-27 08:43:46,462 INFO [__main__] training progress epoch=6500/10000 train_nmse=0.101985 valid_nmse=0.230618
2026-06-27 08:51:50,209 INFO [__main__] training progress epoch=7000/10000 train_nmse=0.129868 valid_nmse=0.230812
2026-06-27 08:59:52,000 INFO [__main__] training progress epoch=7500/10000 train_nmse=0.177288 valid_nmse=0.232122
2026-06-27 09:07:55,720 INFO [__main__] training progress epoch=8000/10000 train_nmse=0.122800 valid_nmse=0.232270
2026-06-27 09:15:58,030 INFO [__main__] training progress epoch=8500/10000 train_nmse=0.116880 valid_nmse=0.233004
2026-06-27 09:24:01,556 INFO [__main__] training progress epoch=9000/10000 train_nmse=0.098591 valid_nmse=0.233132
2026-06-27 09:32:04,653 INFO [__main__] training progress epoch=9500/10000 train_nmse=0.112701 valid_nmse=0.230849
2026-06-27 09:40:07,580 INFO [__main__] training progress epoch=10000/10000 train_nmse=0.200643 valid_nmse=0.230707
2026-06-27 09:40:07,580 INFO [__main__] training done seconds=9660.33
2026-06-27 09:40:07,580 INFO [__main__] evaluation start
2026-06-27 09:40:07,829 INFO [__main__] evaluation done adapted_nmse=1.709241
2026-06-27 09:40:08,859 INFO [__main__] outputs saved dir=outputs/results/solar/168_24/chronos_instance_euclidean_10_online/ts_ifa
2026-06-27 09:40:08,859 INFO [__main__] experiment done seconds=9677.76
2026-06-27 09:40:08,859 INFO [__main__] ========================================================================
2026-06-27T09:40:09+02:00 training done dataset=solar lags=168 horizon=24 run=chronos_instance_euclidean_10_online
2026-06-27T09:40:09+02:00 training start dataset=solar lags=672 horizon=168 run=chronos_instance_euclidean_10_online
2026-06-27 09:40:12,379 INFO [__main__] ========================================================================
2026-06-27 09:40:12,674 INFO [__main__] experiment start kind=ts_ifa_train input=outputs/results/solar/672_168/chronos_instance_euclidean_10_online epochs=10000 batch_size=256
2026-06-27 09:40:12,674 INFO [__main__] payload load start
2026-06-27 09:41:07,991 INFO [__main__] payload load done train_samples=100284 valid_samples=40278 eval_samples=10412
2026-06-27 09:41:08,188 INFO [__main__] model ready name=TS-IFA device=cuda parameters_total=1,535,984 parameters_trainable=1,535,984
2026-06-27 09:41:08,188 INFO [__main__] training start
2026-06-27 09:41:09,690 INFO [__main__] training progress epoch=1/10000 train_nmse=0.134703 valid_nmse=0.175332
2026-06-27 09:52:03,313 INFO [__main__] training progress epoch=500/10000 train_nmse=0.117351 valid_nmse=0.165232
2026-06-27 10:03:02,656 INFO [__main__] training progress epoch=1000/10000 train_nmse=0.130265 valid_nmse=0.162007
2026-06-27 10:14:01,421 INFO [__main__] training progress epoch=1500/10000 train_nmse=0.131678 valid_nmse=0.162085
2026-06-27 10:25:02,088 INFO [__main__] training progress epoch=2000/10000 train_nmse=0.118747 valid_nmse=0.163000
2026-06-27 10:36:05,078 INFO [__main__] training progress epoch=2500/10000 train_nmse=0.123583 valid_nmse=0.169084
2026-06-27 10:47:02,624 INFO [__main__] training progress epoch=3000/10000 train_nmse=0.111309 valid_nmse=0.172523
2026-06-27 10:57:58,748 INFO [__main__] training progress epoch=3500/10000 train_nmse=0.106516 valid_nmse=0.169685
2026-06-27 11:08:57,923 INFO [__main__] training progress epoch=4000/10000 train_nmse=0.121531 valid_nmse=0.174288
2026-06-27 11:19:57,520 INFO [__main__] training progress epoch=4500/10000 train_nmse=0.112259 valid_nmse=0.177015
2026-06-27 11:30:53,792 INFO [__main__] training progress epoch=5000/10000 train_nmse=0.118083 valid_nmse=0.173084
2026-06-27 11:41:48,477 INFO [__main__] training progress epoch=5500/10000 train_nmse=0.115491 valid_nmse=0.172534
