2026-06-25T18:48:12+02:00 job start kind=ts_ifa_training
2026-06-25T18:48:12+02:00 training start dataset=electricity lags=168 horizon=24 run=chronos_instance_euclidean_10_online
2026-06-25 18:48:15,000 INFO [__main__] ========================================================================
2026-06-25 18:48:15,331 INFO [__main__] experiment start kind=ts_ifa_train input=outputs/results/electricity/168_24/chronos_instance_euclidean_10_online epochs=200 batch_size=256
2026-06-25 18:48:15,331 INFO [__main__] payload load start
2026-06-25 18:48:34,888 INFO [__main__] payload load done train_samples=166829 eval_samples=12520
2026-06-25 18:48:35,083 INFO [__main__] model ready name=TS-IFA device=cuda parameters_total=816,272 parameters_trainable=816,272
2026-06-25 18:48:35,083 INFO [__main__] training start
2026-06-25 18:48:42,502 INFO [__main__] training progress epoch=1/200 train_nmse=0.306642
2026-06-25 18:49:45,182 INFO [__main__] training progress epoch=10/200 train_nmse=0.280254
2026-06-25 18:50:54,625 INFO [__main__] training progress epoch=20/200 train_nmse=0.251373
2026-06-25 18:52:04,006 INFO [__main__] training progress epoch=30/200 train_nmse=0.233166
2026-06-25 18:53:13,359 INFO [__main__] training progress epoch=40/200 train_nmse=0.219808
2026-06-25 18:54:22,634 INFO [__main__] training progress epoch=50/200 train_nmse=0.196307
2026-06-25 18:55:31,969 INFO [__main__] training progress epoch=60/200 train_nmse=0.214173
2026-06-25 18:56:41,286 INFO [__main__] training progress epoch=70/200 train_nmse=0.193547
2026-06-25 18:57:50,255 INFO [__main__] training progress epoch=80/200 train_nmse=0.165148
2026-06-25 18:58:59,215 INFO [__main__] training progress epoch=90/200 train_nmse=0.171299
2026-06-25 19:00:08,190 INFO [__main__] training progress epoch=100/200 train_nmse=0.171330
2026-06-25 19:01:17,089 INFO [__main__] training progress epoch=110/200 train_nmse=0.165895
2026-06-25 19:02:25,957 INFO [__main__] training progress epoch=120/200 train_nmse=0.181787
2026-06-25 19:03:34,816 INFO [__main__] training progress epoch=130/200 train_nmse=0.167607
2026-06-25 19:04:44,144 INFO [__main__] training progress epoch=140/200 train_nmse=0.155193
2026-06-25 19:05:53,366 INFO [__main__] training progress epoch=150/200 train_nmse=0.147074
2026-06-25 19:07:02,634 INFO [__main__] training progress epoch=160/200 train_nmse=0.169768
2026-06-25 19:08:11,963 INFO [__main__] training progress epoch=170/200 train_nmse=0.142735
2026-06-25 19:09:21,012 INFO [__main__] training progress epoch=180/200 train_nmse=0.143915
2026-06-25 19:10:29,957 INFO [__main__] training progress epoch=190/200 train_nmse=0.157521
2026-06-25 19:11:38,976 INFO [__main__] training progress epoch=200/200 train_nmse=0.139608
2026-06-25 19:11:38,976 INFO [__main__] training done seconds=1383.89
2026-06-25 19:11:38,977 INFO [__main__] evaluation start
2026-06-25 19:11:39,320 INFO [__main__] evaluation done adapted_nmse=0.196608
2026-06-25 19:11:40,341 INFO [__main__] outputs saved dir=outputs/results/electricity/168_24/chronos_instance_euclidean_10_online/ts_ifa
2026-06-25 19:11:40,341 INFO [__main__] experiment done seconds=1405.34
2026-06-25 19:11:40,341 INFO [__main__] ========================================================================
2026-06-25T19:11:41+02:00 training done dataset=electricity lags=168 horizon=24 run=chronos_instance_euclidean_10_online
2026-06-25T19:11:41+02:00 training start dataset=electricity lags=672 horizon=168 run=chronos_instance_euclidean_10_online
2026-06-25 19:11:43,700 INFO [__main__] ========================================================================
2026-06-25 19:11:43,966 INFO [__main__] experiment start kind=ts_ifa_train input=outputs/results/electricity/672_168/chronos_instance_euclidean_10_online epochs=200 batch_size=256
2026-06-25 19:11:43,966 INFO [__main__] payload load start
2026-06-25 19:12:49,014 INFO [__main__] payload load done train_samples=149927 eval_samples=10955
2026-06-25 19:12:49,243 INFO [__main__] model ready name=TS-IFA device=cuda parameters_total=1,535,984 parameters_trainable=1,535,984
2026-06-25 19:12:49,244 INFO [__main__] training start
2026-06-25 19:12:57,137 INFO [__main__] training progress epoch=1/200 train_nmse=0.245403
2026-06-25 19:14:06,501 INFO [__main__] training progress epoch=10/200 train_nmse=0.230534
2026-06-25 19:15:24,672 INFO [__main__] training progress epoch=20/200 train_nmse=0.215875
2026-06-25 19:16:42,003 INFO [__main__] training progress epoch=30/200 train_nmse=0.214116
2026-06-25 19:17:58,231 INFO [__main__] training progress epoch=40/200 train_nmse=0.209553
2026-06-25 19:19:14,631 INFO [__main__] training progress epoch=50/200 train_nmse=0.209488
2026-06-25 19:20:30,710 INFO [__main__] training progress epoch=60/200 train_nmse=0.207654
2026-06-25 19:21:47,052 INFO [__main__] training progress epoch=70/200 train_nmse=0.204718
2026-06-25 19:23:03,188 INFO [__main__] training progress epoch=80/200 train_nmse=0.204251
2026-06-25 19:24:20,088 INFO [__main__] training progress epoch=90/200 train_nmse=0.204237
2026-06-25 19:25:37,961 INFO [__main__] training progress epoch=100/200 train_nmse=0.204555
2026-06-25 19:26:57,101 INFO [__main__] training progress epoch=110/200 train_nmse=0.200081
2026-06-25 19:28:16,171 INFO [__main__] training progress epoch=120/200 train_nmse=0.198233
2026-06-25 19:29:34,991 INFO [__main__] training progress epoch=130/200 train_nmse=0.201832
2026-06-25 19:30:53,061 INFO [__main__] training progress epoch=140/200 train_nmse=0.205848
2026-06-25 19:32:10,728 INFO [__main__] training progress epoch=150/200 train_nmse=0.196467
2026-06-25 19:33:28,831 INFO [__main__] training progress epoch=160/200 train_nmse=0.198104
2026-06-25 19:34:46,393 INFO [__main__] training progress epoch=170/200 train_nmse=0.198276
2026-06-25 19:36:04,402 INFO [__main__] training progress epoch=180/200 train_nmse=0.200430
2026-06-25 19:37:21,120 INFO [__main__] training progress epoch=190/200 train_nmse=0.198953
2026-06-25 19:38:37,717 INFO [__main__] training progress epoch=200/200 train_nmse=0.195239
2026-06-25 19:38:37,717 INFO [__main__] training done seconds=1548.47
2026-06-25 19:38:37,717 INFO [__main__] evaluation start
2026-06-25 19:38:38,155 INFO [__main__] evaluation done adapted_nmse=0.238447
2026-06-25 19:38:38,948 INFO [__main__] outputs saved dir=outputs/results/electricity/672_168/chronos_instance_euclidean_10_online/ts_ifa
2026-06-25 19:38:38,948 INFO [__main__] experiment done seconds=1615.25
2026-06-25 19:38:38,948 INFO [__main__] ========================================================================
2026-06-25T19:38:39+02:00 training done dataset=electricity lags=672 horizon=168 run=chronos_instance_euclidean_10_online
2026-06-25T19:38:39+02:00 training start dataset=solar lags=168 horizon=24 run=chronos_instance_euclidean_10_online
2026-06-25 19:38:42,361 INFO [__main__] ========================================================================
2026-06-25 19:38:42,629 INFO [__main__] experiment start kind=ts_ifa_train input=outputs/results/solar/168_24/chronos_instance_euclidean_10_online epochs=200 batch_size=256
2026-06-25 19:38:42,629 INFO [__main__] payload load start
2026-06-25 19:38:46,514 INFO [__main__] payload load done train_samples=22879 eval_samples=1781
2026-06-25 19:38:46,720 INFO [__main__] model ready name=TS-IFA device=cuda parameters_total=816,272 parameters_trainable=816,272
2026-06-25 19:38:46,721 INFO [__main__] training start
2026-06-25 19:38:47,900 INFO [__main__] training progress epoch=1/200 train_nmse=0.109966
2026-06-25 19:38:56,520 INFO [__main__] training progress epoch=10/200 train_nmse=0.082889
2026-06-25 19:39:06,118 INFO [__main__] training progress epoch=20/200 train_nmse=0.066441
2026-06-25 19:39:15,623 INFO [__main__] training progress epoch=30/200 train_nmse=0.053024
2026-06-25 19:39:25,170 INFO [__main__] training progress epoch=40/200 train_nmse=0.044723
2026-06-25 19:39:34,868 INFO [__main__] training progress epoch=50/200 train_nmse=0.037171
2026-06-25 19:39:44,707 INFO [__main__] training progress epoch=60/200 train_nmse=0.033378
2026-06-25 19:39:54,314 INFO [__main__] training progress epoch=70/200 train_nmse=0.029685
2026-06-25 19:40:03,990 INFO [__main__] training progress epoch=80/200 train_nmse=0.027188
2026-06-25 19:40:13,697 INFO [__main__] training progress epoch=90/200 train_nmse=0.026253
2026-06-25 19:40:23,376 INFO [__main__] training progress epoch=100/200 train_nmse=0.023829
2026-06-25 19:40:33,017 INFO [__main__] training progress epoch=110/200 train_nmse=0.022849
2026-06-25 19:40:42,682 INFO [__main__] training progress epoch=120/200 train_nmse=0.022128
2026-06-25 19:40:52,364 INFO [__main__] training progress epoch=130/200 train_nmse=0.020363
2026-06-25 19:41:01,858 INFO [__main__] training progress epoch=140/200 train_nmse=0.019515
2026-06-25 19:41:11,352 INFO [__main__] training progress epoch=150/200 train_nmse=0.022058
2026-06-25 19:41:20,874 INFO [__main__] training progress epoch=160/200 train_nmse=0.018038
2026-06-25 19:41:30,295 INFO [__main__] training progress epoch=170/200 train_nmse=0.017440
2026-06-25 19:41:39,935 INFO [__main__] training progress epoch=180/200 train_nmse=0.017991
2026-06-25 19:41:49,637 INFO [__main__] training progress epoch=190/200 train_nmse=0.016104
2026-06-25 19:41:59,155 INFO [__main__] training progress epoch=200/200 train_nmse=0.016038
2026-06-25 19:41:59,155 INFO [__main__] training done seconds=192.43
2026-06-25 19:41:59,155 INFO [__main__] evaluation start
2026-06-25 19:41:59,206 INFO [__main__] evaluation done adapted_nmse=0.411298
2026-06-25 19:41:59,951 INFO [__main__] outputs saved dir=outputs/results/solar/168_24/chronos_instance_euclidean_10_online/ts_ifa
2026-06-25 19:41:59,951 INFO [__main__] experiment done seconds=197.59
2026-06-25 19:41:59,951 INFO [__main__] ========================================================================
2026-06-25T19:42:00+02:00 training done dataset=solar lags=168 horizon=24 run=chronos_instance_euclidean_10_online
2026-06-25T19:42:00+02:00 training start dataset=solar lags=672 horizon=168 run=chronos_instance_euclidean_10_online
2026-06-25 19:42:03,170 INFO [__main__] ========================================================================
2026-06-25 19:42:03,464 INFO [__main__] experiment start kind=ts_ifa_train input=outputs/results/solar/672_168/chronos_instance_euclidean_10_online epochs=200 batch_size=256
2026-06-25 19:42:03,464 INFO [__main__] payload load start
2026-06-25 19:42:11,452 INFO [__main__] payload load done train_samples=15481 eval_samples=1096
2026-06-25 19:42:11,712 INFO [__main__] model ready name=TS-IFA device=cuda parameters_total=1,535,984 parameters_trainable=1,535,984
2026-06-25 19:42:11,712 INFO [__main__] training start
2026-06-25 19:42:12,761 INFO [__main__] training progress epoch=1/200 train_nmse=0.088537
2026-06-25 19:42:20,058 INFO [__main__] training progress epoch=10/200 train_nmse=0.061156
2026-06-25 19:42:28,160 INFO [__main__] training progress epoch=20/200 train_nmse=0.041724
2026-06-25 19:42:36,173 INFO [__main__] training progress epoch=30/200 train_nmse=0.033493
2026-06-25 19:42:45,008 INFO [__main__] training progress epoch=40/200 train_nmse=0.029870
2026-06-25 19:42:53,858 INFO [__main__] training progress epoch=50/200 train_nmse=0.028067
2026-06-25 19:43:01,737 INFO [__main__] training progress epoch=60/200 train_nmse=0.026145
2026-06-25 19:43:10,003 INFO [__main__] training progress epoch=70/200 train_nmse=0.024942
2026-06-25 19:43:17,894 INFO [__main__] training progress epoch=80/200 train_nmse=0.024051
2026-06-25 19:43:25,837 INFO [__main__] training progress epoch=90/200 train_nmse=0.023297
2026-06-25 19:43:34,178 INFO [__main__] training progress epoch=100/200 train_nmse=0.022544
2026-06-25 19:43:42,141 INFO [__main__] training progress epoch=110/200 train_nmse=0.021938
2026-06-25 19:43:50,089 INFO [__main__] training progress epoch=120/200 train_nmse=0.021357
2026-06-25 19:43:58,131 INFO [__main__] training progress epoch=130/200 train_nmse=0.020881
2026-06-25 19:44:06,173 INFO [__main__] training progress epoch=140/200 train_nmse=0.020366
2026-06-25 19:44:14,152 INFO [__main__] training progress epoch=150/200 train_nmse=0.020124
2026-06-25 19:44:22,345 INFO [__main__] training progress epoch=160/200 train_nmse=0.019610
2026-06-25 19:44:30,206 INFO [__main__] training progress epoch=170/200 train_nmse=0.019430
2026-06-25 19:44:38,280 INFO [__main__] training progress epoch=180/200 train_nmse=0.019262
2026-06-25 19:44:46,422 INFO [__main__] training progress epoch=190/200 train_nmse=0.018627
2026-06-25 19:44:54,250 INFO [__main__] training progress epoch=200/200 train_nmse=0.018369
2026-06-25 19:44:54,250 INFO [__main__] training done seconds=162.54
2026-06-25 19:44:54,250 INFO [__main__] evaluation start
2026-06-25 19:44:54,307 INFO [__main__] evaluation done adapted_nmse=0.303054
2026-06-25 19:44:55,104 INFO [__main__] outputs saved dir=outputs/results/solar/672_168/chronos_instance_euclidean_10_online/ts_ifa
2026-06-25 19:44:55,104 INFO [__main__] experiment done seconds=171.93
2026-06-25 19:44:55,104 INFO [__main__] ========================================================================
2026-06-25T19:44:55+02:00 training done dataset=solar lags=672 horizon=168 run=chronos_instance_euclidean_10_online
2026-06-25T19:44:55+02:00 job done kind=ts_ifa_training
