2026-06-24T02:22:45+02:00 job start kind=baseline_sweep
2026-06-24T02:22:45+02:00 setting start dataset=electricity lags=168 horizon=24
2026-06-24 02:22:49,196 INFO [__main__] ========================================================================
2026-06-24 02:22:49,196 INFO [__main__] experiment start kind=univariate dataset=electricity model=chronos lags=168 horizon=24
2026-06-24 02:22:49,473 INFO [__main__] dataset load start
2026-06-24 02:22:50,177 INFO [__main__] dataset load done dates=26304 users=313
2026-06-24 02:22:50,177 INFO [__main__] model load start
2026-06-24 02:23:06,854 INFO [__main__] model load done device=cuda
2026-06-24 02:23:06,862 INFO [__main__] evaluation start split=eval queries=20
2026-06-24 02:24:31,648 INFO [__main__] evaluation done split=eval
2026-06-24 02:24:32,651 INFO [__main__] outputs saved dir=/home/h61084/codes/ts-ifa/outputs/results/electricity/168_24/direct/chronos
2026-06-24 02:24:32,652 INFO [__main__] experiment done seconds=103.46
2026-06-24 02:24:32,652 INFO [__main__] ========================================================================
2026-06-24 02:24:37,090 INFO [__main__] ========================================================================
2026-06-24 02:24:37,090 INFO [__main__] experiment start kind=extraction dataset=electricity model=chronos lags=168 horizon=24 neighbors=3 distance=raw/euclidean
2026-06-24 02:24:37,379 INFO [__main__] dataset load start
2026-06-24 02:24:38,093 INFO [__main__] dataset load done dates=26304 users=313
2026-06-24 02:24:38,093 INFO [__main__] model load start
2026-06-24 02:24:54,704 INFO [__main__] model load done name=chronos device=cuda parameters_total=119,477,664 parameters_trainable=0
2026-06-24 02:24:54,709 INFO [__main__] extraction start split=train queries=36
2026-06-24 02:25:17,999 INFO [__main__] extraction done split=train
2026-06-24 02:25:17,999 INFO [__main__] extraction start split=oracle queries=15
2026-06-24 02:25:27,712 INFO [__main__] extraction done split=oracle
2026-06-24 02:25:27,712 INFO [__main__] extraction start split=eval queries=20
2026-06-24 02:25:40,545 INFO [__main__] extraction done split=eval
2026-06-24 02:25:41,479 INFO [__main__] outputs saved dir=/home/h61084/codes/ts-ifa/outputs/results/electricity/168_24/chronos_in_euclidean_3_online
2026-06-24 02:25:41,479 INFO [__main__] experiment done seconds=64.39
2026-06-24 02:25:41,480 INFO [__main__] ========================================================================
2026-06-24 02:25:45,805 INFO [__main__] ========================================================================
2026-06-24 02:25:45,808 INFO [__main__] experiment start kind=baseline_adapters input=outputs/results/electricity/168_24/chronos_in_euclidean_3_online
2026-06-24 02:25:45,808 INFO [__main__] payload load start
2026-06-24 02:25:48,527 INFO [__main__] payload load done splits=train,oracle,eval
2026-06-24 02:25:48,527 INFO [__main__] mixture fitting start
2026-06-24 02:25:48,547 INFO [__main__] mixture fitting done
2026-06-24 02:25:48,592 INFO [__main__] context gate fitting start
2026-06-24 02:26:00,275 INFO [__main__] context gate fitting done horizon=True
2026-06-24 02:26:00,275 INFO [__main__] evaluation start split=eval
2026-06-24 02:26:00,282 INFO [__main__] evaluation done rows=12
2026-06-24 02:26:00,335 INFO [__main__] outputs saved dir=outputs/results/electricity/168_24/chronos_in_euclidean_3_online/baseline_adapters
2026-06-24 02:26:00,335 INFO [__main__] experiment done seconds=14.53
2026-06-24 02:26:00,335 INFO [__main__] ========================================================================
2026-06-24T02:26:00+02:00 setting done dataset=electricity lags=168 horizon=24
LaTeX table written to /home/h61084/codes/ts-ifa/outputs/results/results_mse.tex
2026-06-24T02:26:04+02:00 job done kind=baseline_sweep
