2026-06-24T17:57:20+02:00 job start kind=ts_ifa_training
2026-06-24T17:57:20+02:00 training start dataset=electricity lags=168 horizon=24 run=chronos_instance_euclidean_10_online
2026-06-24 17:57:23,274 INFO [__main__] ========================================================================
2026-06-24 17:57:23,733 INFO [__main__] experiment start kind=ts_ifa_train input=outputs/results/electricity/168_24/chronos_instance_euclidean_10_online epochs=200 batch_size=256
2026-06-24 17:57:23,734 INFO [__main__] payload load start
2026-06-24 17:57:30,270 INFO [__main__] payload load done train_samples=31613 eval_samples=12520
2026-06-24 17:57:30,472 INFO [__main__] model ready name=TS-IFA device=cuda parameters_total=785,400 parameters_trainable=785,400
2026-06-24 17:57:30,472 INFO [__main__] training start
2026-06-24 17:57:32,116 INFO [__main__] training progress epoch=1/200 train_nmse=0.342255
2026-06-24 17:57:44,259 INFO [__main__] training progress epoch=10/200 train_nmse=0.252256
2026-06-24 17:57:57,775 INFO [__main__] training progress epoch=20/200 train_nmse=0.210982
2026-06-24 17:58:11,293 INFO [__main__] training progress epoch=30/200 train_nmse=0.177495
2026-06-24 17:58:24,726 INFO [__main__] training progress epoch=40/200 train_nmse=0.162273
2026-06-24 17:58:38,181 INFO [__main__] training progress epoch=50/200 train_nmse=0.129425
2026-06-24 17:58:51,675 INFO [__main__] training progress epoch=60/200 train_nmse=0.116269
2026-06-24 17:59:05,138 INFO [__main__] training progress epoch=70/200 train_nmse=0.107566
2026-06-24 17:59:18,610 INFO [__main__] training progress epoch=80/200 train_nmse=0.097851
2026-06-24 17:59:32,018 INFO [__main__] training progress epoch=90/200 train_nmse=0.093581
2026-06-24 17:59:45,476 INFO [__main__] training progress epoch=100/200 train_nmse=0.086476
2026-06-24 17:59:58,952 INFO [__main__] training progress epoch=110/200 train_nmse=0.084506
2026-06-24 18:00:12,471 INFO [__main__] training progress epoch=120/200 train_nmse=0.084440
2026-06-24 18:00:25,872 INFO [__main__] training progress epoch=130/200 train_nmse=0.075893
2026-06-24 18:00:39,284 INFO [__main__] training progress epoch=140/200 train_nmse=0.072424
2026-06-24 18:00:52,662 INFO [__main__] training progress epoch=150/200 train_nmse=0.074206
2026-06-24 18:01:06,048 INFO [__main__] training progress epoch=160/200 train_nmse=0.068230
2026-06-24 18:01:19,382 INFO [__main__] training progress epoch=170/200 train_nmse=0.065699
2026-06-24 18:01:32,639 INFO [__main__] training progress epoch=180/200 train_nmse=0.064625
2026-06-24 18:01:45,962 INFO [__main__] training progress epoch=190/200 train_nmse=0.062972
2026-06-24 18:01:59,278 INFO [__main__] training progress epoch=200/200 train_nmse=0.061637
2026-06-24 18:01:59,278 INFO [__main__] training done seconds=268.81
2026-06-24 18:01:59,278 INFO [__main__] evaluation start
2026-06-24 18:01:59,556 INFO [__main__] evaluation done adapted_nmse=0.211762
2026-06-24 18:02:00,802 INFO [__main__] outputs saved dir=outputs/results/electricity/168_24/chronos_instance_euclidean_10_online/ts_ifa
2026-06-24 18:02:00,802 INFO [__main__] experiment done seconds=277.53
2026-06-24 18:02:00,803 INFO [__main__] ========================================================================
2026-06-24T18:02:01+02:00 training done dataset=electricity lags=168 horizon=24 run=chronos_instance_euclidean_10_online
2026-06-24T18:02:01+02:00 training start dataset=electricity lags=672 horizon=168 run=chronos_instance_euclidean_10_online
2026-06-24 18:02:04,052 INFO [__main__] ========================================================================
2026-06-24 18:02:04,432 INFO [__main__] experiment start kind=ts_ifa_train input=outputs/results/electricity/672_168/chronos_instance_euclidean_10_online epochs=200 batch_size=256
2026-06-24 18:02:04,432 INFO [__main__] payload load start
2026-06-24 18:02:21,899 INFO [__main__] payload load done train_samples=28483 eval_samples=10955
2026-06-24 18:02:22,105 INFO [__main__] model ready name=TS-IFA device=cuda parameters_total=1,385,160 parameters_trainable=1,385,160
2026-06-24 18:02:22,105 INFO [__main__] training start
2026-06-24 18:02:23,935 INFO [__main__] training progress epoch=1/200 train_nmse=0.372614
2026-06-24 18:02:37,822 INFO [__main__] training progress epoch=10/200 train_nmse=0.195299
2026-06-24 18:02:53,995 INFO [__main__] training progress epoch=20/200 train_nmse=0.173063
2026-06-24 18:03:10,077 INFO [__main__] training progress epoch=30/200 train_nmse=0.149321
2026-06-24 18:03:26,091 INFO [__main__] training progress epoch=40/200 train_nmse=0.142710
2026-06-24 18:03:42,265 INFO [__main__] training progress epoch=50/200 train_nmse=0.125743
2026-06-24 18:03:58,365 INFO [__main__] training progress epoch=60/200 train_nmse=0.124293
2026-06-24 18:04:14,367 INFO [__main__] training progress epoch=70/200 train_nmse=0.108763
2026-06-24 18:04:30,586 INFO [__main__] training progress epoch=80/200 train_nmse=0.105156
2026-06-24 18:04:46,516 INFO [__main__] training progress epoch=90/200 train_nmse=0.100186
2026-06-24 18:05:02,317 INFO [__main__] training progress epoch=100/200 train_nmse=0.099352
2026-06-24 18:05:18,325 INFO [__main__] training progress epoch=110/200 train_nmse=0.090480
2026-06-24 18:05:34,384 INFO [__main__] training progress epoch=120/200 train_nmse=0.104320
2026-06-24 18:05:50,382 INFO [__main__] training progress epoch=130/200 train_nmse=0.084528
2026-06-24 18:06:06,341 INFO [__main__] training progress epoch=140/200 train_nmse=0.082872
2026-06-24 18:06:22,310 INFO [__main__] training progress epoch=150/200 train_nmse=0.081361
2026-06-24 18:06:38,329 INFO [__main__] training progress epoch=160/200 train_nmse=0.078960
2026-06-24 18:06:54,188 INFO [__main__] training progress epoch=170/200 train_nmse=0.076867
2026-06-24 18:07:10,033 INFO [__main__] training progress epoch=180/200 train_nmse=0.074759
2026-06-24 18:07:25,975 INFO [__main__] training progress epoch=190/200 train_nmse=0.073598
2026-06-24 18:07:41,894 INFO [__main__] training progress epoch=200/200 train_nmse=0.071821
2026-06-24 18:07:41,895 INFO [__main__] training done seconds=319.79
2026-06-24 18:07:41,895 INFO [__main__] evaluation start
2026-06-24 18:07:42,365 INFO [__main__] evaluation done adapted_nmse=0.289482
2026-06-24 18:07:43,236 INFO [__main__] outputs saved dir=outputs/results/electricity/672_168/chronos_instance_euclidean_10_online/ts_ifa
2026-06-24 18:07:43,236 INFO [__main__] experiment done seconds=339.18
2026-06-24 18:07:43,237 INFO [__main__] ========================================================================
2026-06-24T18:07:44+02:00 training done dataset=electricity lags=672 horizon=168 run=chronos_instance_euclidean_10_online
2026-06-24T18:07:44+02:00 training start dataset=solar lags=168 horizon=24 run=chronos_instance_euclidean_10_online
2026-06-24 18:07:46,647 INFO [__main__] ========================================================================
2026-06-24 18:07:46,987 INFO [__main__] experiment start kind=ts_ifa_train input=outputs/results/solar/168_24/chronos_instance_euclidean_10_online epochs=200 batch_size=256
2026-06-24 18:07:46,988 INFO [__main__] payload load start
2026-06-24 18:07:49,460 INFO [__main__] payload load done train_samples=4384 eval_samples=1781
2026-06-24 18:07:49,687 INFO [__main__] model ready name=TS-IFA device=cuda parameters_total=785,400 parameters_trainable=785,400
2026-06-24 18:07:49,687 INFO [__main__] training start
2026-06-24 18:07:50,125 INFO [__main__] training progress epoch=1/200 train_nmse=0.256957
2026-06-24 18:07:51,850 INFO [__main__] training progress epoch=10/200 train_nmse=0.054718
2026-06-24 18:07:53,779 INFO [__main__] training progress epoch=20/200 train_nmse=0.042123
2026-06-24 18:07:55,607 INFO [__main__] training progress epoch=30/200 train_nmse=0.031707
2026-06-24 18:07:57,516 INFO [__main__] training progress epoch=40/200 train_nmse=0.026937
2026-06-24 18:07:59,544 INFO [__main__] training progress epoch=50/200 train_nmse=0.024590
2026-06-24 18:08:01,376 INFO [__main__] training progress epoch=60/200 train_nmse=0.018352
2026-06-24 18:08:03,297 INFO [__main__] training progress epoch=70/200 train_nmse=0.015942
2026-06-24 18:08:05,211 INFO [__main__] training progress epoch=80/200 train_nmse=0.014952
2026-06-24 18:08:07,148 INFO [__main__] training progress epoch=90/200 train_nmse=0.012425
2026-06-24 18:08:08,961 INFO [__main__] training progress epoch=100/200 train_nmse=0.011095
2026-06-24 18:08:10,878 INFO [__main__] training progress epoch=110/200 train_nmse=0.009231
2026-06-24 18:08:12,848 INFO [__main__] training progress epoch=120/200 train_nmse=0.008910
2026-06-24 18:08:14,666 INFO [__main__] training progress epoch=130/200 train_nmse=0.007275
2026-06-24 18:08:16,577 INFO [__main__] training progress epoch=140/200 train_nmse=0.006792
2026-06-24 18:08:18,474 INFO [__main__] training progress epoch=150/200 train_nmse=0.006387
2026-06-24 18:08:20,383 INFO [__main__] training progress epoch=160/200 train_nmse=0.005273
2026-06-24 18:08:22,198 INFO [__main__] training progress epoch=170/200 train_nmse=0.004254
2026-06-24 18:08:24,097 INFO [__main__] training progress epoch=180/200 train_nmse=0.003993
2026-06-24 18:08:25,982 INFO [__main__] training progress epoch=190/200 train_nmse=0.003924
2026-06-24 18:08:27,881 INFO [__main__] training progress epoch=200/200 train_nmse=0.003816
2026-06-24 18:08:27,881 INFO [__main__] training done seconds=38.19
2026-06-24 18:08:27,881 INFO [__main__] evaluation start
2026-06-24 18:08:27,931 INFO [__main__] evaluation done adapted_nmse=0.497994
2026-06-24 18:08:28,665 INFO [__main__] outputs saved dir=outputs/results/solar/168_24/chronos_instance_euclidean_10_online/ts_ifa
2026-06-24 18:08:28,665 INFO [__main__] experiment done seconds=42.02
2026-06-24 18:08:28,665 INFO [__main__] ========================================================================
2026-06-24T18:08:29+02:00 training done dataset=solar lags=168 horizon=24 run=chronos_instance_euclidean_10_online
2026-06-24T18:08:29+02:00 training start dataset=solar lags=672 horizon=168 run=chronos_instance_euclidean_10_online
2026-06-24 18:08:31,637 INFO [__main__] ========================================================================
2026-06-24 18:08:32,035 INFO [__main__] experiment start kind=ts_ifa_train input=outputs/results/solar/672_168/chronos_instance_euclidean_10_online epochs=200 batch_size=256
2026-06-24 18:08:32,035 INFO [__main__] payload load start
2026-06-24 18:08:35,189 INFO [__main__] payload load done train_samples=3014 eval_samples=1096
2026-06-24 18:08:35,406 INFO [__main__] model ready name=TS-IFA device=cuda parameters_total=1,385,160 parameters_trainable=1,385,160
2026-06-24 18:08:35,406 INFO [__main__] training start
2026-06-24 18:08:35,848 INFO [__main__] training progress epoch=1/200 train_nmse=0.445267
2026-06-24 18:08:37,465 INFO [__main__] training progress epoch=10/200 train_nmse=0.063006
2026-06-24 18:08:39,022 INFO [__main__] training progress epoch=20/200 train_nmse=0.042981
2026-06-24 18:08:40,750 INFO [__main__] training progress epoch=30/200 train_nmse=0.034540
2026-06-24 18:08:42,481 INFO [__main__] training progress epoch=40/200 train_nmse=0.029622
2026-06-24 18:08:44,128 INFO [__main__] training progress epoch=50/200 train_nmse=0.026556
2026-06-24 18:08:45,832 INFO [__main__] training progress epoch=60/200 train_nmse=0.024298
2026-06-24 18:08:47,533 INFO [__main__] training progress epoch=70/200 train_nmse=0.022250
2026-06-24 18:08:49,149 INFO [__main__] training progress epoch=80/200 train_nmse=0.020806
2026-06-24 18:08:50,873 INFO [__main__] training progress epoch=90/200 train_nmse=0.019360
2026-06-24 18:08:52,557 INFO [__main__] training progress epoch=100/200 train_nmse=0.017974
2026-06-24 18:08:54,176 INFO [__main__] training progress epoch=110/200 train_nmse=0.016913
2026-06-24 18:08:55,856 INFO [__main__] training progress epoch=120/200 train_nmse=0.016052
2026-06-24 18:08:57,530 INFO [__main__] training progress epoch=130/200 train_nmse=0.015235
2026-06-24 18:08:59,138 INFO [__main__] training progress epoch=140/200 train_nmse=0.014222
2026-06-24 18:09:00,806 INFO [__main__] training progress epoch=150/200 train_nmse=0.013368
2026-06-24 18:09:02,495 INFO [__main__] training progress epoch=160/200 train_nmse=0.012502
2026-06-24 18:09:04,127 INFO [__main__] training progress epoch=170/200 train_nmse=0.011536
2026-06-24 18:09:05,830 INFO [__main__] training progress epoch=180/200 train_nmse=0.011033
2026-06-24 18:09:07,554 INFO [__main__] training progress epoch=190/200 train_nmse=0.010432
2026-06-24 18:09:09,172 INFO [__main__] training progress epoch=200/200 train_nmse=0.009981
2026-06-24 18:09:09,172 INFO [__main__] training done seconds=33.77
2026-06-24 18:09:09,172 INFO [__main__] evaluation start
2026-06-24 18:09:09,311 INFO [__main__] evaluation done adapted_nmse=0.362799
2026-06-24 18:09:10,005 INFO [__main__] outputs saved dir=outputs/results/solar/672_168/chronos_instance_euclidean_10_online/ts_ifa
2026-06-24 18:09:10,005 INFO [__main__] experiment done seconds=38.37
2026-06-24 18:09:10,005 INFO [__main__] ========================================================================
2026-06-24T18:09:10+02:00 training done dataset=solar lags=672 horizon=168 run=chronos_instance_euclidean_10_online
2026-06-24T18:09:10+02:00 job done kind=ts_ifa_training
