This is pdfTeX, Version 3.141592653-2.6-1.40.29 (MiKTeX 26.5) (preloaded format=pdflatex 2026.6.22)  30 JUN 2026 22:19
entering extended mode
 restricted \write18 enabled.
 %&-line parsing enabled.
**./main.tex
(main.tex
LaTeX2e <2026-06-01>
L3 programming layer <2026-05-26>
(C:\Users\Gaspard\AppData\Local\Programs\MiKTeX\tex/latex/beamer\beamer.cls
Document Class: beamer 2026/01/22 v3.77 A class for typesetting presentations

(C:\Users\Gaspard\AppData\Local\Programs\MiKTeX\tex/latex/beamer\beamerbasemode
s.sty
(C:\Users\Gaspard\AppData\Local\Programs\MiKTeX\tex/latex/etoolbox\etoolbox.sty
Package: etoolbox 2025/10/02 v2.5m e-TeX tools for LaTeX (JAW)
\etb@tempcnta=\count276
)
\beamer@tempbox=\box53
\beamer@tempcount=\count277
\c@beamerpauses=\count278

(C:\Users\Gaspard\AppData\Local\Programs\MiKTeX\tex/latex/beamer\beamerbasedeco
de.sty
\beamer@slideinframe=\count279
\beamer@minimum=\count280
\beamer@decode@box=\box54
)
\beamer@commentbox=\box55
\beamer@modecount=\count281
)
(C:\Users\Gaspard\AppData\Local\Programs\MiKTeX\tex/generic/iftex\iftex.sty
Package: iftex 2024/12/12 v1.0g TeX engine tests
)
\headdp=\dimen150
\footheight=\dimen151
\sidebarheight=\dimen152
\beamer@tempdim=\dimen153
\beamer@finalheight=\dimen154
\beamer@animht=\dimen155
\beamer@animdp=\dimen156
\beamer@animwd=\dimen157
\beamer@leftmargin=\dimen158
\beamer@rightmargin=\dimen159
\beamer@leftsidebar=\dimen160
\beamer@rightsidebar=\dimen161
\beamer@boxsize=\dimen162
\beamer@vboxoffset=\dimen163
\beamer@descdefault=\dimen164
\beamer@descriptionwidth=\dimen165
\beamer@lastskip=\skip49
\beamer@areabox=\box56
\beamer@animcurrent=\box57
\beamer@animshowbox=\box58
\beamer@sectionbox=\box59
\beamer@logobox=\box60
\beamer@linebox=\box61
\beamer@sectioncount=\count282
\beamer@subsubsectionmax=\count283
\beamer@subsectionmax=\count284
\beamer@sectionmax=\count285
\beamer@totalheads=\count286
\beamer@headcounter=\count287
\beamer@partstartpage=\count288
\beamer@sectionstartpage=\count289
\beamer@subsectionstartpage=\count290
\beamer@animationtempa=\count291
\beamer@animationtempb=\count292
\beamer@xpos=\count293
\beamer@ypos=\count294
\beamer@ypos@offset=\count295
\beamer@showpartnumber=\count296
\beamer@currentsubsection=\count297
\beamer@coveringdepth=\count298
\beamer@sectionadjust=\count299
\beamer@toclastsection=\count300
\beamer@tocsectionnumber=\count301

(C:\Users\Gaspard\AppData\Local\Programs\MiKTeX\tex/latex/beamer\beamerbaseopti
ons.sty
(C:\Users\Gaspard\AppData\Local\Programs\MiKTeX\tex/latex/graphics\keyval.sty
Package: keyval 2026-05-17 v1.15 key=value parser (DPC)
\KV@toks@=\toks17
))
\beamer@paperwidth=\skip50
\beamer@paperheight=\skip51

(C:\Users\Gaspard\AppData\Local\Programs\MiKTeX\tex/latex/geometry\geometry.sty
Package: geometry 2026/03/07 v6.0 Page Geometry
(C:\Users\Gaspard\AppData\Local\Programs\MiKTeX\tex/generic/iftex\ifvtex.sty
Package: ifvtex 2019/10/25 v1.7 ifvtex legacy package. Use iftex instead.
)
\Gm@cnth=\count302
\Gm@cntv=\count303
\c@Gm@tempcnt=\count304
\Gm@bindingoffset=\dimen166
\Gm@wd@mp=\dimen167
\Gm@odd@mp=\dimen168
\Gm@even@mp=\dimen169
\Gm@layoutwidth=\dimen170
\Gm@layoutheight=\dimen171
\Gm@layouthoffset=\dimen172
\Gm@layoutvoffset=\dimen173
\Gm@dimlist=\toks18

(C:\Users\Gaspard\AppData\Local\Programs\MiKTeX\tex/latex/geometry\geometry.cfg
))
(C:\Users\Gaspard\AppData\Local\Programs\MiKTeX\tex/latex/pgf/math\pgfmath.sty
(C:\Users\Gaspard\AppData\Local\Programs\MiKTeX\tex/latex/pgf/utilities\pgfrcs.
sty
(C:\Users\Gaspard\AppData\Local\Programs\MiKTeX\tex/generic/pgf/utilities\pgfut
il-common.tex
\pgfutil@everybye=\toks19
\pgfutil@tempdima=\dimen174
\pgfutil@tempdimb=\dimen175
)
(C:\Users\Gaspard\AppData\Local\Programs\MiKTeX\tex/generic/pgf/utilities\pgfut
il-latex.def
\pgfutil@abb=\box62
)
(C:\Users\Gaspard\AppData\Local\Programs\MiKTeX\tex/generic/pgf/utilities\pgfrc
s.code.tex
(C:\Users\Gaspard\AppData\Local\Programs\MiKTeX\tex/generic/pgf\pgf.revision.te
x)
Package: pgfrcs 2025-08-29 v3.1.11a (3.1.11a)
))
(C:\Users\Gaspard\AppData\Local\Programs\MiKTeX\tex/latex/pgf/utilities\pgfkeys
.sty
(C:\Users\Gaspard\AppData\Local\Programs\MiKTeX\tex/generic/pgf/utilities\pgfke
ys.code.tex
\pgfkeys@pathtoks=\toks20
\pgfkeys@temptoks=\toks21

(C:\Users\Gaspard\AppData\Local\Programs\MiKTeX\tex/generic/pgf/utilities\pgfke
yslibraryfiltered.code.tex
\pgfkeys@tmptoks=\toks22
)))
(C:\Users\Gaspard\AppData\Local\Programs\MiKTeX\tex/generic/pgf/math\pgfmath.co
de.tex
(C:\Users\Gaspard\AppData\Local\Programs\MiKTeX\tex/generic/pgf/math\pgfmathuti
l.code.tex
\pgf@x=\dimen176
\pgf@xa=\dimen177
\pgf@xb=\dimen178
\pgf@xc=\dimen179
\pgf@y=\dimen180
\pgf@ya=\dimen181
\pgf@yb=\dimen182
\pgf@yc=\dimen183
\c@pgf@counta=\count305
\c@pgf@countb=\count306
\c@pgf@countc=\count307
\c@pgf@countd=\count308
)
(C:\Users\Gaspard\AppData\Local\Programs\MiKTeX\tex/generic/pgf/math\pgfmathpar
ser.code.tex
\pgfmath@dimen=\dimen184
\pgfmath@count=\count309
\pgfmath@box=\box63
\pgfmath@toks=\toks23
\pgfmath@stack@operand=\toks24
\pgfmath@stack@operation=\toks25
)
(C:\Users\Gaspard\AppData\Local\Programs\MiKTeX\tex/generic/pgf/math\pgfmathfun
ctions.code.tex)
(C:\Users\Gaspard\AppData\Local\Programs\MiKTeX\tex/generic/pgf/math\pgfmathfun
ctions.basic.code.tex)
(C:\Users\Gaspard\AppData\Local\Programs\MiKTeX\tex/generic/pgf/math\pgfmathfun
ctions.trigonometric.code.tex)
(C:\Users\Gaspard\AppData\Local\Programs\MiKTeX\tex/generic/pgf/math\pgfmathfun
ctions.random.code.tex)
(C:\Users\Gaspard\AppData\Local\Programs\MiKTeX\tex/generic/pgf/math\pgfmathfun
ctions.comparison.code.tex)
(C:\Users\Gaspard\AppData\Local\Programs\MiKTeX\tex/generic/pgf/math\pgfmathfun
ctions.base.code.tex)
(C:\Users\Gaspard\AppData\Local\Programs\MiKTeX\tex/generic/pgf/math\pgfmathfun
ctions.round.code.tex)
(C:\Users\Gaspard\AppData\Local\Programs\MiKTeX\tex/generic/pgf/math\pgfmathfun
ctions.misc.code.tex)
(C:\Users\Gaspard\AppData\Local\Programs\MiKTeX\tex/generic/pgf/math\pgfmathfun
ctions.integerarithmetics.code.tex)
(C:\Users\Gaspard\AppData\Local\Programs\MiKTeX\tex/generic/pgf/math\pgfmathcal
c.code.tex)
(C:\Users\Gaspard\AppData\Local\Programs\MiKTeX\tex/generic/pgf/math\pgfmathflo
at.code.tex
\c@pgfmathroundto@lastzeros=\count310
)))
(C:\Users\Gaspard\AppData\Local\Programs\MiKTeX\tex/latex/base\size10.clo
File: size10.clo 2025/01/22 v1.4n Standard LaTeX file (size option)
)
(C:\Users\Gaspard\AppData\Local\Programs\MiKTeX\tex/latex/pgf/basiclayer\pgfcor
e.sty
(C:\Users\Gaspard\AppData\Local\Programs\MiKTeX\tex/latex/graphics\graphicx.sty
Package: graphicx 2026-05-17 v1.2e Enhanced LaTeX Graphics (DPC,SPQR)

(C:\Users\Gaspard\AppData\Local\Programs\MiKTeX\tex/latex/graphics\graphics.sty
Package: graphics 2026-05-17 v1.4h Standard LaTeX Graphics (DPC,SPQR)
(C:\Users\Gaspard\AppData\Local\Programs\MiKTeX\tex/latex/graphics\trig.sty
Package: trig 2023/12/02 v1.11 sin cos tan (DPC)
)
(C:\Users\Gaspard\AppData\Local\Programs\MiKTeX\tex/latex/graphics-cfg\graphics
.cfg
File: graphics.cfg 2016/06/04 v1.11 sample graphics configuration
)
Package graphics Info: Driver file: pdftex.def on input line 106.

(C:\Users\Gaspard\AppData\Local\Programs\MiKTeX\tex/latex/graphics-def\pdftex.d
ef
File: pdftex.def 2025/09/29 v1.2d Graphics/color driver for pdftex
))
\Gin@req@height=\dimen185
\Gin@req@width=\dimen186
)
(C:\Users\Gaspard\AppData\Local\Programs\MiKTeX\tex/latex/pgf/systemlayer\pgfsy
s.sty
(C:\Users\Gaspard\AppData\Local\Programs\MiKTeX\tex/generic/pgf/systemlayer\pgf
sys.code.tex
Package: pgfsys 2025-08-29 v3.1.11a (3.1.11a)
\pgf@x=\dimen187
\pgf@y=\dimen188
\pgf@xa=\dimen189
\pgf@ya=\dimen190
\pgf@xb=\dimen191
\pgf@yb=\dimen192
\pgf@xc=\dimen193
\pgf@yc=\dimen194
\pgf@xd=\dimen195
\pgf@yd=\dimen196
\w@pgf@writea=\write3
\r@pgf@reada=\read2
\c@pgf@counta=\count311
\c@pgf@countb=\count312
\c@pgf@countc=\count313
\c@pgf@countd=\count314
\t@pgf@toka=\toks26
\t@pgf@tokb=\toks27
\t@pgf@tokc=\toks28
\pgf@sys@id@count=\count315

(C:\Users\Gaspard\AppData\Local\Programs\MiKTeX\tex/generic/pgf/systemlayer\pgf
.cfg
File: pgf.cfg 2025-08-29 v3.1.11a (3.1.11a)
)
Driver file for pgf: pgfsys-pdftex.def

(C:\Users\Gaspard\AppData\Local\Programs\MiKTeX\tex/generic/pgf/systemlayer\pgf
sys-pdftex.def
File: pgfsys-pdftex.def 2025-08-29 v3.1.11a (3.1.11a)

(C:\Users\Gaspard\AppData\Local\Programs\MiKTeX\tex/generic/pgf/systemlayer\pgf
sys-common-pdf.def
File: pgfsys-common-pdf.def 2025-08-29 v3.1.11a (3.1.11a)
)))
(C:\Users\Gaspard\AppData\Local\Programs\MiKTeX\tex/generic/pgf/systemlayer\pgf
syssoftpath.code.tex
File: pgfsyssoftpath.code.tex 2025-08-29 v3.1.11a (3.1.11a)
\pgfsyssoftpath@smallbuffer@items=\count316
\pgfsyssoftpath@bigbuffer@items=\count317
)
(C:\Users\Gaspard\AppData\Local\Programs\MiKTeX\tex/generic/pgf/systemlayer\pgf
sysprotocol.code.tex
File: pgfsysprotocol.code.tex 2025-08-29 v3.1.11a (3.1.11a)
))
(C:\Users\Gaspard\AppData\Local\Programs\MiKTeX\tex/latex/xcolor\xcolor.sty
Package: xcolor 2024/09/29 v3.02 LaTeX color extensions (UK)

(C:\Users\Gaspard\AppData\Local\Programs\MiKTeX\tex/latex/graphics-cfg\color.cf
g
File: color.cfg 2016/01/02 v1.6 sample color configuration
)
Package xcolor Info: Driver file: pdftex.def on input line 274.

(C:\Users\Gaspard\AppData\Local\Programs\MiKTeX\tex/latex/graphics\mathcolor.lt
x)
Package xcolor Info: Model `cmy' substituted by `cmy0' on input line 1349.
Package xcolor Info: Model `hsb' substituted by `rgb' on input line 1353.
Package xcolor Info: Model `RGB' extended on input line 1365.
Package xcolor Info: Model `HTML' substituted by `rgb' on input line 1367.
Package xcolor Info: Model `Hsb' substituted by `hsb' on input line 1368.
Package xcolor Info: Model `tHsb' substituted by `hsb' on input line 1369.
Package xcolor Info: Model `HSB' substituted by `hsb' on input line 1370.
Package xcolor Info: Model `Gray' substituted by `gray' on input line 1371.
Package xcolor Info: Model `wave' substituted by `hsb' on input line 1372.
)
(C:\Users\Gaspard\AppData\Local\Programs\MiKTeX\tex/generic/pgf/basiclayer\pgfc
ore.code.tex
Package: pgfcore 2025-08-29 v3.1.11a (3.1.11a)

(C:\Users\Gaspard\AppData\Local\Programs\MiKTeX\tex/generic/pgf/math\pgfint.cod
e.tex)
(C:\Users\Gaspard\AppData\Local\Programs\MiKTeX\tex/generic/pgf/basiclayer\pgfc
orepoints.code.tex
File: pgfcorepoints.code.tex 2025-08-29 v3.1.11a (3.1.11a)
\pgf@picminx=\dimen197
\pgf@picmaxx=\dimen198
\pgf@picminy=\dimen199
\pgf@picmaxy=\dimen256
\pgf@pathminx=\dimen257
\pgf@pathmaxx=\dimen258
\pgf@pathminy=\dimen259
\pgf@pathmaxy=\dimen260
\pgf@xx=\dimen261
\pgf@xy=\dimen262
\pgf@yx=\dimen263
\pgf@yy=\dimen264
\pgf@zx=\dimen265
\pgf@zy=\dimen266
)
(C:\Users\Gaspard\AppData\Local\Programs\MiKTeX\tex/generic/pgf/basiclayer\pgfc
orepathconstruct.code.tex
File: pgfcorepathconstruct.code.tex 2025-08-29 v3.1.11a (3.1.11a)
\pgf@path@lastx=\dimen267
\pgf@path@lasty=\dimen268
)
(C:\Users\Gaspard\AppData\Local\Programs\MiKTeX\tex/generic/pgf/basiclayer\pgfc
orepathusage.code.tex
File: pgfcorepathusage.code.tex 2025-08-29 v3.1.11a (3.1.11a)
\pgf@shorten@end@additional=\dimen269
\pgf@shorten@start@additional=\dimen270
)
(C:\Users\Gaspard\AppData\Local\Programs\MiKTeX\tex/generic/pgf/basiclayer\pgfc
orescopes.code.tex
File: pgfcorescopes.code.tex 2025-08-29 v3.1.11a (3.1.11a)
\pgfpic=\box64
\pgf@hbox=\box65
\pgf@layerbox@main=\box66
\pgf@picture@serial@count=\count318
)
(C:\Users\Gaspard\AppData\Local\Programs\MiKTeX\tex/generic/pgf/basiclayer\pgfc
oregraphicstate.code.tex
File: pgfcoregraphicstate.code.tex 2025-08-29 v3.1.11a (3.1.11a)
\pgflinewidth=\dimen271
)
(C:\Users\Gaspard\AppData\Local\Programs\MiKTeX\tex/generic/pgf/basiclayer\pgfc
oretransformations.code.tex
File: pgfcoretransformations.code.tex 2025-08-29 v3.1.11a (3.1.11a)
\pgf@pt@x=\dimen272
\pgf@pt@y=\dimen273
\pgf@pt@temp=\dimen274
)
(C:\Users\Gaspard\AppData\Local\Programs\MiKTeX\tex/generic/pgf/basiclayer\pgfc
orequick.code.tex
File: pgfcorequick.code.tex 2025-08-29 v3.1.11a (3.1.11a)
)
(C:\Users\Gaspard\AppData\Local\Programs\MiKTeX\tex/generic/pgf/basiclayer\pgfc
oreobjects.code.tex
File: pgfcoreobjects.code.tex 2025-08-29 v3.1.11a (3.1.11a)
)
(C:\Users\Gaspard\AppData\Local\Programs\MiKTeX\tex/generic/pgf/basiclayer\pgfc
orepathprocessing.code.tex
File: pgfcorepathprocessing.code.tex 2025-08-29 v3.1.11a (3.1.11a)
)
(C:\Users\Gaspard\AppData\Local\Programs\MiKTeX\tex/generic/pgf/basiclayer\pgfc
orearrows.code.tex
File: pgfcorearrows.code.tex 2025-08-29 v3.1.11a (3.1.11a)
\pgfarrowsep=\dimen275
)
(C:\Users\Gaspard\AppData\Local\Programs\MiKTeX\tex/generic/pgf/basiclayer\pgfc
oreshade.code.tex
File: pgfcoreshade.code.tex 2025-08-29 v3.1.11a (3.1.11a)
\pgf@max=\dimen276
\pgf@sys@shading@range@num=\count319
\pgf@shadingcount=\count320
)
(C:\Users\Gaspard\AppData\Local\Programs\MiKTeX\tex/generic/pgf/basiclayer\pgfc
oreimage.code.tex
File: pgfcoreimage.code.tex 2025-08-29 v3.1.11a (3.1.11a)
)
(C:\Users\Gaspard\AppData\Local\Programs\MiKTeX\tex/generic/pgf/basiclayer\pgfc
oreexternal.code.tex
File: pgfcoreexternal.code.tex 2025-08-29 v3.1.11a (3.1.11a)
\pgfexternal@startupbox=\box67
)
(C:\Users\Gaspard\AppData\Local\Programs\MiKTeX\tex/generic/pgf/basiclayer\pgfc
orelayers.code.tex
File: pgfcorelayers.code.tex 2025-08-29 v3.1.11a (3.1.11a)
)
(C:\Users\Gaspard\AppData\Local\Programs\MiKTeX\tex/generic/pgf/basiclayer\pgfc
oretransparency.code.tex
File: pgfcoretransparency.code.tex 2025-08-29 v3.1.11a (3.1.11a)
)
(C:\Users\Gaspard\AppData\Local\Programs\MiKTeX\tex/generic/pgf/basiclayer\pgfc
orepatterns.code.tex
File: pgfcorepatterns.code.tex 2025-08-29 v3.1.11a (3.1.11a)
)
(C:\Users\Gaspard\AppData\Local\Programs\MiKTeX\tex/generic/pgf/basiclayer\pgfc
orerdf.code.tex
File: pgfcorerdf.code.tex 2025-08-29 v3.1.11a (3.1.11a)
)))
(C:\Users\Gaspard\AppData\Local\Programs\MiKTeX\tex/latex/pgf/utilities\xxcolor
.sty
Package: xxcolor 2003/10/24 ver 0.1
\XC@nummixins=\count321
\XC@countmixins=\count322
)
(C:\Users\Gaspard\AppData\Local\Programs\MiKTeX\tex/latex/base\atbegshi-ltx.sty
Package: atbegshi-ltx 2021/01/10 v1.0c Emulation of the original atbegshi
package with kernel methods
)
(C:\Users\Gaspard\AppData\Local\Programs\MiKTeX\tex/latex/hyperref\hyperref.sty
Package: hyperref 2026-04-24 v7.01q Hypertext links for LaTeX

(C:\Users\Gaspard\AppData\Local\Programs\MiKTeX\tex/latex/kvsetkeys\kvsetkeys.s
ty
Package: kvsetkeys 2022-10-05 v1.19 Key value parser (HO)
)
(C:\Users\Gaspard\AppData\Local\Programs\MiKTeX\tex/generic/kvdefinekeys\kvdefi
nekeys.sty
Package: kvdefinekeys 2019-12-19 v1.6 Define keys (HO)
)
(C:\Users\Gaspard\AppData\Local\Programs\MiKTeX\tex/generic/pdfescape\pdfescape
.sty
Package: pdfescape 2019/12/09 v1.15 Implements pdfTeX's escape features (HO)

(C:\Users\Gaspard\AppData\Local\Programs\MiKTeX\tex/generic/ltxcmds\ltxcmds.sty
Package: ltxcmds 2023-12-04 v1.26 LaTeX kernel commands for general use (HO)
)
(C:\Users\Gaspard\AppData\Local\Programs\MiKTeX\tex/generic/pdftexcmds\pdftexcm
ds.sty
Package: pdftexcmds 2020-06-27 v0.33 Utility functions of pdfTeX for LuaTeX (HO
)

(C:\Users\Gaspard\AppData\Local\Programs\MiKTeX\tex/generic/infwarerr\infwarerr
.sty
Package: infwarerr 2019/12/03 v1.5 Providing info/warning/error messages (HO)
)
Package pdftexcmds Info: \pdf@primitive is available.
Package pdftexcmds Info: \pdf@ifprimitive is available.
Package pdftexcmds Info: \pdfdraftmode found.
))
(C:\Users\Gaspard\AppData\Local\Programs\MiKTeX\tex/latex/hycolor\hycolor.sty
Package: hycolor 2020-01-27 v1.10 Color options for hyperref/bookmark (HO)
)
(C:\Users\Gaspard\AppData\Local\Programs\MiKTeX\tex/latex/hyperref\nameref.sty
Package: nameref 2026-01-29 v2.58 Cross-referencing by name of section

(C:\Users\Gaspard\AppData\Local\Programs\MiKTeX\tex/latex/refcount\refcount.sty
Package: refcount 2019/12/15 v3.6 Data extraction from label references (HO)
)
(C:\Users\Gaspard\AppData\Local\Programs\MiKTeX\tex/generic/gettitlestring\gett
itlestring.sty
Package: gettitlestring 2019/12/15 v1.6 Cleanup title references (HO)

(C:\Users\Gaspard\AppData\Local\Programs\MiKTeX\tex/latex/kvoptions\kvoptions.s
ty
Package: kvoptions 2022-06-15 v3.15 Key value format for package options (HO)
))
\c@section@level=\count323
)
(C:\Users\Gaspard\AppData\Local\Programs\MiKTeX\tex/generic/stringenc\stringenc
.sty
Package: stringenc 2019/11/29 v1.12 Convert strings between diff. encodings (HO
)
)
\@linkdim=\dimen277
\Hy@linkcounter=\count324
\Hy@pagecounter=\count325

(C:\Users\Gaspard\AppData\Local\Programs\MiKTeX\tex/latex/hyperref\pd1enc.def
File: pd1enc.def 2026-04-24 v7.01q Hyperref: PDFDocEncoding definition (HO)
Now handling font encoding PD1 ...
... no UTF-8 mapping file for font encoding PD1
)
(C:\Users\Gaspard\AppData\Local\Programs\MiKTeX\tex/generic/intcalc\intcalc.sty
Package: intcalc 2019/12/15 v1.3 Expandable calculations with integers (HO)
)
\Hy@SavedSpaceFactor=\count326
 (C:\Users\Gaspard\AppData\Local\Programs\MiKTeX\tex/latex/hyperref\puenc.def
File: puenc.def 2026-04-24 v7.01q Hyperref: PDF Unicode definition (HO)
Now handling font encoding PU ...
... no UTF-8 mapping file for font encoding PU
)
Package hyperref Info: Option `bookmarks' set `true' on input line 4070.
Package hyperref Info: Option `bookmarksopen' set `true' on input line 4070.
Package hyperref Info: Option `implicit' set `false' on input line 4070.
Package hyperref Info: Hyper figures OFF on input line 4199.
Package hyperref Info: Link nesting OFF on input line 4204.
Package hyperref Info: Hyper index ON on input line 4207.
Package hyperref Info: Plain pages OFF on input line 4214.
Package hyperref Info: Backreferencing OFF on input line 4219.
Package hyperref Info: Implicit mode OFF; no redefinition of LaTeX internals.
Package hyperref Info: Bookmarks ON on input line 4466.
\c@Hy@tempcnt=\count327
(C:\Users\Gaspard\AppData\Local\Programs\MiKTeX\tex/latex/url\url.sty
\Urlmuskip=\muskip17
Package: url 2013/09/16  ver 3.4  Verb mode for urls, etc.
)
LaTeX Info: Redefining \url on input line 4805.
\XeTeXLinkMargin=\dimen278

(C:\Users\Gaspard\AppData\Local\Programs\MiKTeX\tex/generic/bitset\bitset.sty
Package: bitset 2019/12/09 v1.3 Handle bit-vector datatype (HO)

(C:\Users\Gaspard\AppData\Local\Programs\MiKTeX\tex/generic/bigintcalc\bigintca
lc.sty
Package: bigintcalc 2019/12/15 v1.5 Expandable calculations on big integers (HO
)
))
\Fld@menulength=\count328
\Field@Width=\dimen279
\Fld@charsize=\dimen280
Package hyperref Info: Hyper figures OFF on input line 6091.
Package hyperref Info: Link nesting OFF on input line 6096.
Package hyperref Info: Hyper index ON on input line 6099.
Package hyperref Info: backreferencing OFF on input line 6106.
Package hyperref Info: Link coloring OFF on input line 6111.
Package hyperref Info: Link coloring with OCG OFF on input line 6116.
Package hyperref Info: PDF/A mode OFF on input line 6121.
\Hy@abspage=\count329


Package hyperref Message: Stopped early.

)
Package hyperref Info: Driver (autodetected): hpdftex.

(C:\Users\Gaspard\AppData\Local\Programs\MiKTeX\tex/latex/hyperref\hpdftex.def
File: hpdftex.def 2026-04-24 v7.01q Hyperref driver for pdfTeX
\Fld@listcount=\count330
\c@bookmark@seq@number=\count331

(C:\Users\Gaspard\AppData\Local\Programs\MiKTeX\tex/latex/rerunfilecheck\rerunf
ilecheck.sty
Package: rerunfilecheck 2025-06-21 v1.11 Rerun checks for auxiliary files (HO)

(C:\Users\Gaspard\AppData\Local\Programs\MiKTeX\tex/generic/uniquecounter\uniqu
ecounter.sty
Package: uniquecounter 2019/12/15 v1.4 Provide unlimited unique counter (HO)
)
Package uniquecounter Info: New unique counter `rerunfilecheck' on input line 2
84.
))
(C:\Users\Gaspard\AppData\Local\Programs\MiKTeX\tex/latex/beamer\beamerbaserequ
ires.sty
(C:\Users\Gaspard\AppData\Local\Programs\MiKTeX\tex/latex/beamer\beamerbasecomp
atibility.sty)
(C:\Users\Gaspard\AppData\Local\Programs\MiKTeX\tex/latex/beamer\beamerbasefont
.sty
(C:\Users\Gaspard\AppData\Local\Programs\MiKTeX\tex/latex/amsfonts\amssymb.sty
Package: amssymb 2013/01/14 v3.01 AMS font symbols

(C:\Users\Gaspard\AppData\Local\Programs\MiKTeX\tex/latex/amsfonts\amsfonts.sty
Package: amsfonts 2013/01/14 v3.01 Basic AMSFonts support
\@emptytoks=\toks29
\symAMSa=\mathgroup4
\symAMSb=\mathgroup5
LaTeX Font Info:    Redeclaring math symbol \hbar on input line 98.
LaTeX Font Info:    Overwriting math alphabet `\mathfrak' in version `bold'
(Font)                  U/euf/m/n --> U/euf/b/n on input line 106.
))
(C:\Users\Gaspard\AppData\Local\Programs\MiKTeX\tex/latex/sansmathaccent\sansma
thaccent.sty
Package: sansmathaccent 2020/01/31

(C:\Users\Gaspard\AppData\Local\Programs\MiKTeX\tex/latex/koma-script\scrlfile.
sty
Package: scrlfile 2026/02/02 v3.49.2 KOMA-Script package (file load hooks)

(C:\Users\Gaspard\AppData\Local\Programs\MiKTeX\tex/latex/koma-script\scrlfile-
hook.sty
Package: scrlfile-hook 2026/02/02 v3.49.2 KOMA-Script package (using LaTeX hook
s)

(C:\Users\Gaspard\AppData\Local\Programs\MiKTeX\tex/latex/koma-script\scrlogo.s
ty
Package: scrlogo 2026/02/02 v3.49.2 KOMA-Script package (logo)
)))))
(C:\Users\Gaspard\AppData\Local\Programs\MiKTeX\tex/latex/beamer\beamerbasetran
slator.sty
(C:\Users\Gaspard\AppData\Local\Programs\MiKTeX\tex/latex/translator\translator
.sty
Package: translator 2021-05-31 v1.12d Easy translation of strings in LaTeX
))
(C:\Users\Gaspard\AppData\Local\Programs\MiKTeX\tex/latex/beamer\beamerbasemisc
.sty)
(C:\Users\Gaspard\AppData\Local\Programs\MiKTeX\tex/latex/beamer\beamerbasetwos
creens.sty)
(C:\Users\Gaspard\AppData\Local\Programs\MiKTeX\tex/latex/beamer\beamerbaseover
lay.sty
\beamer@argscount=\count332
\beamer@lastskipcover=\skip52
\beamer@trivlistdepth=\count333
)
(C:\Users\Gaspard\AppData\Local\Programs\MiKTeX\tex/latex/beamer\beamerbasetitl
e.sty)
(C:\Users\Gaspard\AppData\Local\Programs\MiKTeX\tex/latex/beamer\beamerbasesect
ion.sty
\c@lecture=\count334
\c@part=\count335
\c@section=\count336
\c@subsection=\count337
\c@subsubsection=\count338
)
(C:\Users\Gaspard\AppData\Local\Programs\MiKTeX\tex/latex/beamer\beamerbasefram
e.sty
\beamer@framebox=\box68
\beamer@frametitlebox=\box69
\beamer@zoombox=\box70
\beamer@zoomcount=\count339
\beamer@zoomframecount=\count340
\beamer@frametextheight=\dimen281
\c@subsectionslide=\count341
\beamer@frametopskip=\skip53
\beamer@framebottomskip=\skip54
\beamer@frametopskipautobreak=\skip55
\beamer@framebottomskipautobreak=\skip56
\beamer@envbody=\toks30
\framewidth=\dimen282
\c@framenumber=\count342
)
(C:\Users\Gaspard\AppData\Local\Programs\MiKTeX\tex/latex/beamer\beamerbaseverb
atim.sty
\beamer@verbatimfileout=\write4
)
(C:\Users\Gaspard\AppData\Local\Programs\MiKTeX\tex/latex/beamer\beamerbasefram
esize.sty
\beamer@splitbox=\box71
\beamer@autobreakcount=\count343
\beamer@autobreaklastheight=\dimen283
\beamer@frametitletoks=\toks31
\beamer@framesubtitletoks=\toks32
)
(C:\Users\Gaspard\AppData\Local\Programs\MiKTeX\tex/latex/beamer\beamerbasefram
ecomponents.sty
\beamer@colheight=\skip57
\beamer@footins=\box72
)
(C:\Users\Gaspard\AppData\Local\Programs\MiKTeX\tex/latex/beamer\beamerbasecolo
r.sty)
(C:\Users\Gaspard\AppData\Local\Programs\MiKTeX\tex/latex/beamer\beamerbasenote
s.sty
\beamer@frameboxcopy=\box73
)
(C:\Users\Gaspard\AppData\Local\Programs\MiKTeX\tex/latex/beamer\beamerbasetoc.
sty)
(C:\Users\Gaspard\AppData\Local\Programs\MiKTeX\tex/latex/beamer\beamerbasetemp
lates.sty
\beamer@sbttoks=\toks33

(C:\Users\Gaspard\AppData\Local\Programs\MiKTeX\tex/latex/beamer\beamerbaseauxt
emplates.sty
(C:\Users\Gaspard\AppData\Local\Programs\MiKTeX\tex/latex/beamer\beamerbaseboxe
s.sty
\bmb@box=\box74
\bmb@colorbox=\box75
\bmb@boxwidth=\dimen284
\bmb@boxheight=\dimen285
\bmb@prevheight=\dimen286
\bmb@temp=\dimen287
\bmb@dima=\dimen288
\bmb@dimb=\dimen289
\bmb@prevheight=\dimen290
)
\beamer@blockheadheight=\dimen291
))
(C:\Users\Gaspard\AppData\Local\Programs\MiKTeX\tex/latex/beamer\beamerbaseloca
lstructure.sty
(C:\Users\Gaspard\AppData\Local\Programs\MiKTeX\tex/latex/tools\enumerate.sty
Package: enumerate 2023/07/04 v3.00 enumerate extensions (DPC)
\@enLab=\toks34
)
\beamer@bibiconwidth=\skip58
\c@figure=\count344
\c@table=\count345
\abovecaptionskip=\skip59
\belowcaptionskip=\skip60
)
(C:\Users\Gaspard\AppData\Local\Programs\MiKTeX\tex/latex/beamer\beamerbasenavi
gation.sty
(C:\Users\Gaspard\AppData\Local\Programs\MiKTeX\tex/latex/beamer\beamerbasenavi
gationsymbols.tex)
\beamer@section@min@dim=\dimen292
)
(C:\Users\Gaspard\AppData\Local\Programs\MiKTeX\tex/latex/beamer\beamerbasetheo
rems.sty
(C:\Users\Gaspard\AppData\Local\Programs\MiKTeX\tex/latex/amsmath\amsmath.sty
Package: amsmath 2026/05/19 v2.18d AMS math features
\@mathmargin=\skip61

For additional information on amsmath, use the `?' option.
(C:\Users\Gaspard\AppData\Local\Programs\MiKTeX\tex/latex/amsmath\amstext.sty
Package: amstext 2024/11/17 v2.01 AMS text

(C:\Users\Gaspard\AppData\Local\Programs\MiKTeX\tex/latex/amsmath\amsgen.sty
File: amsgen.sty 1999/11/30 v2.0 generic functions
\@emptytoks=\toks35
\ex@=\dimen293
))
(C:\Users\Gaspard\AppData\Local\Programs\MiKTeX\tex/latex/amsmath\amsbsy.sty
Package: amsbsy 1999/11/29 v1.2d Bold Symbols
\pmbraise@=\dimen294
)
(C:\Users\Gaspard\AppData\Local\Programs\MiKTeX\tex/latex/amsmath\amsopn.sty
Package: amsopn 2022/04/08 v2.04 operator names
)
\inf@bad=\count346
LaTeX Info: Redefining \frac on input line 233.
\uproot@=\count347
\leftroot@=\count348
LaTeX Info: Redefining \overline on input line 398.
LaTeX Info: Redefining \colon on input line 409.
\classnum@=\count349
\DOTSCASE@=\count350
LaTeX Info: Redefining \ldots on input line 495.
LaTeX Info: Redefining \dots on input line 498.
LaTeX Info: Redefining \cdots on input line 619.
\Mathstrutbox@=\box76
\strutbox@=\box77
LaTeX Info: Redefining \big on input line 721.
LaTeX Info: Redefining \Big on input line 722.
LaTeX Info: Redefining \bigg on input line 723.
LaTeX Info: Redefining \Bigg on input line 724.
\big@size=\dimen295
LaTeX Font Info:    Redeclaring font encoding OML on input line 742.
LaTeX Font Info:    Redeclaring font encoding OMS on input line 743.
\macc@depth=\count351
LaTeX Info: Redefining \bmod on input line 904.
LaTeX Info: Redefining \pmod on input line 909.
LaTeX Info: Redefining \smash on input line 939.
LaTeX Info: Redefining \relbar on input line 969.
LaTeX Info: Redefining \Relbar on input line 970.
\c@MaxMatrixCols=\count352
\dotsspace@=\muskip18
\c@parentequation=\count353
\dspbrk@lvl=\count354
\tag@help=\toks36
\row@=\count355
\column@=\count356
\maxfields@=\count357
\andhelp@=\toks37
\eqnshift@=\dimen296
\alignsep@=\dimen297
\tagshift@=\dimen298
\tagwidth@=\dimen299
\totwidth@=\dimen300
\lineht@=\dimen301
\@envbody=\toks38
\multlinegap=\skip62
\multlinetaggap=\skip63
\mathdisplay@stack=\toks39
LaTeX Info: Redefining \[ on input line 2965.
LaTeX Info: Redefining \] on input line 2966.
)
(C:\Users\Gaspard\AppData\Local\Programs\MiKTeX\tex/latex/amscls\amsthm.sty
Package: amsthm 2020/05/29 v2.20.6
\thm@style=\toks40
\thm@bodyfont=\toks41
\thm@headfont=\toks42
\thm@notefont=\toks43
\thm@headpunct=\toks44
\thm@preskip=\skip64
\thm@postskip=\skip65
\thm@headsep=\skip66
\dth@everypar=\toks45
)
\c@theorem=\count358
)
(C:\Users\Gaspard\AppData\Local\Programs\MiKTeX\tex/latex/beamer\beamerbasethem
es.sty))
(C:\Users\Gaspard\AppData\Local\Programs\MiKTeX\tex/latex/beamer\beamerthemedef
ault.sty
(C:\Users\Gaspard\AppData\Local\Programs\MiKTeX\tex/latex/beamer\beamerfontthem
edefault.sty)
(C:\Users\Gaspard\AppData\Local\Programs\MiKTeX\tex/latex/beamer\beamercolorthe
medefault.sty)
(C:\Users\Gaspard\AppData\Local\Programs\MiKTeX\tex/latex/beamer\beamerinnerthe
medefault.sty
\beamer@dima=\dimen302
\beamer@dimb=\dimen303
)
(C:\Users\Gaspard\AppData\Local\Programs\MiKTeX\tex/latex/beamer\beamerouterthe
medefault.sty)))
(C:\Users\Gaspard\AppData\Local\Programs\MiKTeX\tex/latex/beamertheme-metropoli
s\beamerthememetropolis.sty
Package: beamerthememetropolis 2017/01/23 v1.2 Metropolis Beamer theme

(C:\Users\Gaspard\AppData\Local\Programs\MiKTeX\tex/latex/pgfopts\pgfopts.sty
Package: pgfopts 2014/07/10 v2.1a LaTeX package options with pgfkeys
\pgfopts@list@add@a@toks=\toks46
\pgfopts@list@add@b@toks=\toks47
)
(C:\Users\Gaspard\AppData\Local\Programs\MiKTeX\tex/latex/beamertheme-metropoli
s\beamerinnerthememetropolis.sty
Package: beamerinnerthememetropolis 2017/01/23 Metropolis inner theme

(C:\Users\Gaspard\AppData\Local\Programs\MiKTeX\tex/latex/tools\calc.sty
Package: calc 2025/03/01 v4.3b Infix arithmetic (KKT,FJ)
\calc@Acount=\count359
\calc@Bcount=\count360
\calc@Adimen=\dimen304
\calc@Bdimen=\dimen305
\calc@Askip=\skip67
\calc@Bskip=\skip68
LaTeX Info: Redefining \setlength on input line 86.
LaTeX Info: Redefining \addtolength on input line 87.
\calc@Ccount=\count361
\calc@Cskip=\skip69
)
(C:\Users\Gaspard\AppData\Local\Programs\MiKTeX\tex/latex/pgf/frontendlayer\tik
z.sty
(C:\Users\Gaspard\AppData\Local\Programs\MiKTeX\tex/latex/pgf/basiclayer\pgf.st
y
Package: pgf 2025-08-29 v3.1.11a (3.1.11a)

(C:\Users\Gaspard\AppData\Local\Programs\MiKTeX\tex/generic/pgf/modules\pgfmodu
leshapes.code.tex
File: pgfmoduleshapes.code.tex 2025-08-29 v3.1.11a (3.1.11a)
\pgfnodeparttextbox=\box78
)
(C:\Users\Gaspard\AppData\Local\Programs\MiKTeX\tex/generic/pgf/modules\pgfmodu
leplot.code.tex
File: pgfmoduleplot.code.tex 2025-08-29 v3.1.11a (3.1.11a)
)
(C:\Users\Gaspard\AppData\Local\Programs\MiKTeX\tex/latex/pgf/compatibility\pgf
comp-version-0-65.sty
Package: pgfcomp-version-0-65 2025-08-29 v3.1.11a (3.1.11a)
\pgf@nodesepstart=\dimen306
\pgf@nodesepend=\dimen307
)
(C:\Users\Gaspard\AppData\Local\Programs\MiKTeX\tex/latex/pgf/compatibility\pgf
comp-version-1-18.sty
Package: pgfcomp-version-1-18 2025-08-29 v3.1.11a (3.1.11a)
))
(C:\Users\Gaspard\AppData\Local\Programs\MiKTeX\tex/latex/pgf/utilities\pgffor.
sty
(C:\Users\Gaspard\AppData\Local\Programs\MiKTeX\tex/generic/pgf/utilities\pgffo
r.code.tex
Package: pgffor 2025-08-29 v3.1.11a (3.1.11a)
\pgffor@iter=\dimen308
\pgffor@skip=\dimen309
\pgffor@stack=\toks48
\pgffor@toks=\toks49
))
(C:\Users\Gaspard\AppData\Local\Programs\MiKTeX\tex/generic/pgf/frontendlayer/t
ikz\tikz.code.tex
Package: tikz 2025-08-29 v3.1.11a (3.1.11a)

(C:\Users\Gaspard\AppData\Local\Programs\MiKTeX\tex/generic/pgf/libraries\pgfli
braryplothandlers.code.tex
File: pgflibraryplothandlers.code.tex 2025-08-29 v3.1.11a (3.1.11a)
\pgf@plot@mark@count=\count362
\pgfplotmarksize=\dimen310
)
\tikz@lastx=\dimen311
\tikz@lasty=\dimen312
\tikz@lastxsaved=\dimen313
\tikz@lastysaved=\dimen314
\tikz@lastmovetox=\dimen315
\tikz@lastmovetoy=\dimen316
\tikzleveldistance=\dimen317
\tikzsiblingdistance=\dimen318
\tikz@figbox=\box79
\tikz@figbox@bg=\box80
\tikz@tempbox=\box81
\tikz@tempbox@bg=\box82
\tikztreelevel=\count363
\tikznumberofchildren=\count364
\tikznumberofcurrentchild=\count365
\tikz@fig@count=\count366

(C:\Users\Gaspard\AppData\Local\Programs\MiKTeX\tex/generic/pgf/modules\pgfmodu
lematrix.code.tex
File: pgfmodulematrix.code.tex 2025-08-29 v3.1.11a (3.1.11a)
\pgfmatrixcurrentrow=\count367
\pgfmatrixcurrentcolumn=\count368
\pgf@matrix@numberofcolumns=\count369
)
\tikz@expandcount=\count370

(C:\Users\Gaspard\AppData\Local\Programs\MiKTeX\tex/generic/pgf/frontendlayer/t
ikz/libraries\tikzlibrarytopaths.code.tex
File: tikzlibrarytopaths.code.tex 2025-08-29 v3.1.11a (3.1.11a)
)))
\metropolis@titleseparator@linewidth=\skip70
\metropolis@progressonsectionpage=\skip71
\metropolis@progressonsectionpage@linewidth=\skip72
\metropolis@blocksep=\skip73
\metropolis@blockadjust=\skip74
\metropolis@parskip=\skip75
)
(C:\Users\Gaspard\AppData\Local\Programs\MiKTeX\tex/latex/beamertheme-metropoli
s\beamerouterthememetropolis.sty
Package: beamerouterthememetropolis 2017/01/23 Metropolis outer theme
\metropolis@frametitle@padding=\skip76
\metropolis@progressinheadfoot=\skip77
\metropolis@progressinheadfoot@linewidth=\skip78
)
(C:\Users\Gaspard\AppData\Local\Programs\MiKTeX\tex/latex/beamertheme-metropoli
s\beamercolorthememetropolis.sty
Package: beamercolorthememetropolis 2017/01/23 Metropolis color theme
)
(C:\Users\Gaspard\AppData\Local\Programs\MiKTeX\tex/latex/beamertheme-metropoli
s\beamerfontthememetropolis.sty
Package: beamerfontthememetropolis 2017/01/23 Metropolis font theme

(C:\Users\Gaspard\AppData\Local\Programs\MiKTeX\tex/generic/iftex\ifxetex.sty
Package: ifxetex 2019/10/25 v0.7 ifxetex legacy package. Use iftex instead.
)
(C:\Users\Gaspard\AppData\Local\Programs\MiKTeX\tex/generic/iftex\ifluatex.sty
Package: ifluatex 2019/10/25 v1.5 ifluatex legacy package. Use iftex instead.
)

Package beamerthememetropolis Warning: You need to compile with XeLaTeX or LuaL
aTeX to use the Fira fonts on input line 95.

)) (C:\Users\Gaspard\AppData\Local\Programs\MiKTeX\tex/latex/base\inputenc.sty
Package: inputenc 2024/02/08 v1.3d Input encoding file
\inpenc@prehook=\toks50
\inpenc@posthook=\toks51
) (C:\Users\Gaspard\AppData\Local\Programs\MiKTeX\tex/latex/base\fontenc.sty
Package: fontenc 2025/07/18 v2.1d Standard LaTeX package
)
(C:\Users\Gaspard\AppData\Local\Programs\MiKTeX\tex/latex/fira\FiraSans.sty
Package: FiraSans 2022/09/17 (Bob Tennent and autoinst) Style file for Fira San
s fonts.

(C:\Users\Gaspard\AppData\Local\Programs\MiKTeX\tex/latex/xkeyval\xkeyval.sty
Package: xkeyval 2022/06/16 v2.9 package option processing (HA)

(C:\Users\Gaspard\AppData\Local\Programs\MiKTeX\tex/generic/xkeyval\xkeyval.tex

(C:\Users\Gaspard\AppData\Local\Programs\MiKTeX\tex/generic/xkeyval\xkvutils.te
x
\XKV@toks=\toks52
\XKV@tempa@toks=\toks53
)
\XKV@depth=\count371
File: xkeyval.tex 2014/12/03 v2.7a key=value parser (HA)
))
(C:\Users\Gaspard\AppData\Local\Programs\MiKTeX\tex/latex/base\textcomp.sty
Package: textcomp 2024/04/24 v2.1b Standard LaTeX package
)
(C:\Users\Gaspard\AppData\Local\Programs\MiKTeX\tex/latex/fontaxes\fontaxes.sty
Package: fontaxes 2026-01-02 v2.0.2 Font selection axes (deprecated)
Applying: [2024-11-01] Use figureversions if present on input line 74.

(C:\Users\Gaspard\AppData\Local\Programs\MiKTeX\tex/latex/figureversions\figure
versions.sty
Package: figureversions 2025-04-29 v1.0.1 Figure versions
)
Already applied: [0000-00-00] Fall back to v1 on input line 76.
))
(C:\Users\Gaspard\AppData\Local\Programs\MiKTeX\tex/latex/booktabs\booktabs.sty
Package: booktabs 2020/01/12 v1.61803398 Publication quality tables
\heavyrulewidth=\dimen319
\lightrulewidth=\dimen320
\cmidrulewidth=\dimen321
\belowrulesep=\dimen322
\belowbottomsep=\dimen323
\aboverulesep=\dimen324
\abovetopsep=\dimen325
\cmidrulesep=\dimen326
\cmidrulekern=\dimen327
\defaultaddspace=\dimen328
\@cmidla=\count372
\@cmidlb=\count373
\@aboverulesep=\dimen329
\@belowrulesep=\dimen330
\@thisruleclass=\count374
\@lastruleclass=\count375
\@thisrulewidth=\dimen331
)
(C:\Users\Gaspard\AppData\Local\Programs\MiKTeX\tex/latex/tcolorbox\tcolorbox.s
ty
Package: tcolorbox 2026/05/28 version 6.10.0 text color boxes
 (C:\Users\Gaspard\AppData\Local\Programs\MiKTeX\tex/latex/tools\verbatim.sty
Package: verbatim 2024-01-22 v1.5x LaTeX2e package for verbatim enhancements
\every@verbatim=\toks54
\verbatim@line=\toks55
\verbatim@in@stream=\read3
) (C:\Users\Gaspard\AppData\Local\Programs\MiKTeX\tex/latex/environ\environ.sty
Package: environ 2014/05/04 v0.3 A new way to define environments

(C:\Users\Gaspard\AppData\Local\Programs\MiKTeX\tex/latex/trimspaces\trimspaces
.sty
Package: trimspaces 2009/09/17 v1.1 Trim spaces around a token list
))
\tcb@titlebox=\box83
\tcb@upperbox=\box84
\tcb@lowerbox=\box85
\tcb@phantombox=\box86
\c@tcbbreakpart=\count376
\c@tcblayer=\count377
\c@tcolorbox@number=\count378
\l__tcobox_tmpa_box=\box87
\l__tcobox_tmpa_dim=\dimen332
\tcb@temp=\box88
\tcb@temp=\box89
\tcb@temp=\box90
\tcb@temp=\box91
)
(C:\Users\Gaspard\AppData\Local\Programs\MiKTeX\tex/latex/natbib\natbib.sty
Package: natbib 2010/09/13 8.31b (PWD, AO)
\bibhang=\skip79
\bibsep=\skip80
LaTeX Info: Redefining \cite on input line 694.
\c@NAT@ctr=\count379
)
(C:\Users\Gaspard\AppData\Local\Programs\MiKTeX\tex/latex/cleveref\cleveref.sty
Package: cleveref 2018/03/27 v0.21.4 Intelligent cross-referencing

Package cleveref Warning: hyperref package loaded with implicit=false option - 
disabling cleveref's hyperref support. This situation is not supported by cleve
ref, and there's no guarantee anything will work. You're on your own! on input 
line 2370.

Package cleveref Info: `amsthm' support loaded on input line 3026.
Package cleveref Info: always capitalise cross-reference names on input line 78
25.
Package cleveref Info: include cross-reference names in hyperlinks on input lin
e 7836.
Package cleveref Info: always capitalise cross-reference names on input line 78
52.
Package cleveref Info: include cross-reference names in hyperlinks on input lin
e 7852.
)
==> First Aid for cleveref.sty applied!
LaTeX Font Info:    Trying to load font information for T1+FiraSans-LF on input
 line 197.

(C:\Users\Gaspard\AppData\Local\Programs\MiKTeX\tex/latex/fira\t1firasans-lf.fd
File: T1FiraSans-LF.fd 2019/10/10 (autoinst) Font definitions for T1/FiraSans-L
F.
)
LaTeX Font Info:    Font shape `T1/FiraSans-LF/l/n' in size <10> not available
(Font)              Font shape `T1/FiraSans-LF/light/n' tried instead on input 
line 197.
LaTeX Font Info:    Font shape `T1/FiraSans-LF/light/n' will be
(Font)              scaled to size 10.0pt on input line 197.

(C:\Users\Gaspard\AppData\Local\Programs\MiKTeX\tex/latex/l3backend\l3backend-p
dftex.def
File: l3backend-pdftex.def 2026-02-18 L3 backend support: PDF output (pdfTeX)
\l__color_backend_stack_int=\count380
) (main.aux

LaTeX Warning: Label `fig:placeholder' multiply defined.


LaTeX Warning: Label `fig:placeholder@cref' multiply defined.


LaTeX Warning: Label `fig:placeholder' multiply defined.


LaTeX Warning: Label `fig:placeholder@cref' multiply defined.

)
\openout1 = `main.aux'.

LaTeX Font Info:    Checking defaults for OML/cmm/m/it on input line 197.
LaTeX Font Info:    ... okay on input line 197.
LaTeX Font Info:    Checking defaults for OMS/cmsy/m/n on input line 197.
LaTeX Font Info:    ... okay on input line 197.
LaTeX Font Info:    Checking defaults for OT1/cmr/m/n on input line 197.
LaTeX Font Info:    ... okay on input line 197.
LaTeX Font Info:    Checking defaults for T1/cmr/m/n on input line 197.
LaTeX Font Info:    ... okay on input line 197.
LaTeX Font Info:    Checking defaults for TS1/cmr/m/n on input line 197.
LaTeX Font Info:    ... okay on input line 197.
LaTeX Font Info:    Checking defaults for OMX/cmex/m/n on input line 197.
LaTeX Font Info:    ... okay on input line 197.
LaTeX Font Info:    Checking defaults for U/cmr/m/n on input line 197.
LaTeX Font Info:    ... okay on input line 197.
LaTeX Font Info:    Checking defaults for PD1/pdf/m/n on input line 197.
LaTeX Font Info:    ... okay on input line 197.
LaTeX Font Info:    Checking defaults for PU/pdf/m/n on input line 197.
LaTeX Font Info:    ... okay on input line 197.

*geometry* driver: auto-detecting
*geometry* detected driver: pdftex
*geometry* verbose mode - [ preamble ] result:
* driver: pdftex
* paper: custom
* layout: <same size as paper>
* layoutoffset:(h,v)=(0.0pt,0.0pt)
* modes: includehead includefoot 
* h-part:(L,W,R)=(19.91692pt, 415.41025pt, 19.91692pt)
* v-part:(T,H,B)=(0.0pt, 256.0748pt, 0.0pt)
* \paperwidth=455.24408pt
* \paperheight=256.0748pt
* \textwidth=415.41025pt
* \textheight=227.62207pt
* \oddsidemargin=-52.35307pt
* \evensidemargin=-52.35307pt
* \topmargin=-72.26999pt
* \headheight=14.22636pt
* \headsep=0.0pt
* \topskip=10.0pt
* \footskip=14.22636pt
* \marginparwidth=3.0pt
* \marginparsep=11.0pt
* \columnsep=10.0pt
* \skip\footins=9.0pt plus 4.0pt minus 2.0pt
* \hoffset=0.0pt
* \voffset=0.0pt
* \mag=1000
* \@twocolumnfalse
* \@twosidefalse
* \@mparswitchfalse
* \@reversemarginfalse
* (1in=72.27pt=25.4mm, 1cm=28.453pt)


(C:\Users\Gaspard\AppData\Local\Programs\MiKTeX\tex/context/base/mkii\supp-pdf.
mkii
[Loading MPS to PDF converter (version 2006.09.02).]
\scratchcounter=\count381
\scratchdimen=\dimen333
\scratchbox=\box92
\nofMPsegments=\count382
\nofMParguments=\count383
\everyMPshowfont=\toks56
\MPscratchCnt=\count384
\MPscratchDim=\dimen334
\MPnumerator=\count385
\makeMPintoPDFobject=\count386
\everyMPtoPDFconversion=\toks57
)
(C:\Users\Gaspard\AppData\Local\Programs\MiKTeX\tex/latex/epstopdf-pkg\epstopdf
-base.sty
Package: epstopdf-base 2020-01-24 v2.11 Base part for package epstopdf

(C:\Users\Gaspard\AppData\Local\Programs\MiKTeX\tex/latex/grfext\grfext.sty
Package: grfext 2019/12/03 v1.3 Manage graphics extensions (HO)
)
Package epstopdf-base Info: Redefining graphics rule for `.eps' on input line 4
85.
Package grfext Info: Graphics extension search list:
(grfext)             [.pdf,.png,.jpg,.mps,.jpeg,.jbig2,.jb2,.PDF,.PNG,.JPG,.JPE
G,.JBIG2,.JB2,.eps]
(grfext)             \AppendGraphicsExtensions on input line 504.

(C:\Users\Gaspard\AppData\Local\Programs\MiKTeX\tex/latex/00miktex\epstopdf-sys
.cfg
File: epstopdf-sys.cfg 2021/03/18 v2.0 Configuration of epstopdf for MiKTeX
))
Package hyperref Info: Link coloring OFF on input line 197.
 (main.out) (main.out)
\@outlinefile=\write5
\openout5 = `main.out'.

LaTeX Font Info:    Overwriting symbol font `operators' in version `normal'
(Font)                  OT1/cmr/m/n --> OT1/cmss/m/n on input line 197.
LaTeX Font Info:    Overwriting symbol font `operators' in version `bold'
(Font)                  OT1/cmr/bx/n --> OT1/cmss/b/n on input line 197.
\symnumbers=\mathgroup6
\sympureletters=\mathgroup7
LaTeX Font Info:    Overwriting math alphabet `\mathrm' in version `normal'
(Font)                  OT1/cmss/m/n --> T1/cmr/m/n on input line 197.
LaTeX Font Info:    Redeclaring math alphabet \mathbf on input line 197.
LaTeX Font Info:    Overwriting math alphabet `\mathbf' in version `normal'
(Font)                  OT1/cmr/bx/n --> T1/FiraSans-LF/b/n on input line 197.
LaTeX Font Info:    Overwriting math alphabet `\mathbf' in version `bold'
(Font)                  OT1/cmr/bx/n --> T1/FiraSans-LF/b/n on input line 197.
LaTeX Font Info:    Redeclaring math alphabet \mathsf on input line 197.
LaTeX Font Info:    Overwriting math alphabet `\mathsf' in version `normal'
(Font)                  OT1/cmss/m/n --> T1/FiraSans-LF/m/n on input line 197.
LaTeX Font Info:    Overwriting math alphabet `\mathsf' in version `bold'
(Font)                  OT1/cmss/bx/n --> T1/FiraSans-LF/m/n on input line 197.

LaTeX Font Info:    Redeclaring math alphabet \mathit on input line 197.
LaTeX Font Info:    Overwriting math alphabet `\mathit' in version `normal'
(Font)                  OT1/cmr/m/it --> T1/FiraSans-LF/m/it on input line 197.

LaTeX Font Info:    Overwriting math alphabet `\mathit' in version `bold'
(Font)                  OT1/cmr/bx/it --> T1/FiraSans-LF/m/it on input line 197
.
LaTeX Font Info:    Redeclaring math alphabet \mathtt on input line 197.
LaTeX Font Info:    Overwriting math alphabet `\mathtt' in version `normal'
(Font)                  OT1/cmtt/m/n --> T1/cmtt/m/n on input line 197.
LaTeX Font Info:    Overwriting math alphabet `\mathtt' in version `bold'
(Font)                  OT1/cmtt/m/n --> T1/cmtt/m/n on input line 197.
LaTeX Font Info:    Overwriting symbol font `numbers' in version `bold'
(Font)                  T1/FiraSans-LF/m/n --> T1/FiraSans-LF/b/n on input line
 197.
LaTeX Font Info:    Overwriting symbol font `pureletters' in version `bold'
(Font)                  T1/FiraSans-LF/m/it --> T1/FiraSans-LF/b/it on input li
ne 197.
LaTeX Font Info:    Overwriting math alphabet `\mathrm' in version `bold'
(Font)                  OT1/cmss/b/n --> T1/cmr/b/n on input line 197.
LaTeX Font Info:    Overwriting math alphabet `\mathbf' in version `bold'
(Font)                  T1/FiraSans-LF/b/n --> T1/FiraSans-LF/b/n on input line
 197.
LaTeX Font Info:    Overwriting math alphabet `\mathsf' in version `bold'
(Font)                  T1/FiraSans-LF/m/n --> T1/FiraSans-LF/b/n on input line
 197.
LaTeX Font Info:    Overwriting math alphabet `\mathit' in version `bold'
(Font)                  T1/FiraSans-LF/m/it --> T1/FiraSans-LF/b/it on input li
ne 197.
LaTeX Font Info:    Overwriting math alphabet `\mathtt' in version `bold'
(Font)                  T1/cmtt/m/n --> T1/cmtt/b/n on input line 197.

(C:\Users\Gaspard\AppData\Local\Programs\MiKTeX\tex/latex/translator\translator
-basic-dictionary-English.dict
Dictionary: translator-basic-dictionary, Language: English 
)
(C:\Users\Gaspard\AppData\Local\Programs\MiKTeX\tex/latex/translator\translator
-bibliography-dictionary-English.dict
Dictionary: translator-bibliography-dictionary, Language: English 
)
(C:\Users\Gaspard\AppData\Local\Programs\MiKTeX\tex/latex/translator\translator
-environment-dictionary-English.dict
Dictionary: translator-environment-dictionary, Language: English 
)
(C:\Users\Gaspard\AppData\Local\Programs\MiKTeX\tex/latex/translator\translator
-months-dictionary-English.dict
Dictionary: translator-months-dictionary, Language: English 
)
(C:\Users\Gaspard\AppData\Local\Programs\MiKTeX\tex/latex/translator\translator
-numbers-dictionary-English.dict
Dictionary: translator-numbers-dictionary, Language: English 
)
(C:\Users\Gaspard\AppData\Local\Programs\MiKTeX\tex/latex/translator\translator
-theorem-dictionary-English.dict
Dictionary: translator-theorem-dictionary, Language: English 
)
\c@mv@tabular=\count387
\c@mv@boldtabular=\count388

No file main.nav.
LaTeX Font Info:    Font shape `T1/FiraSans-LF/l/n' in size <5> not available
(Font)              Font shape `T1/FiraSans-LF/light/n' tried instead on input 
line 197.
LaTeX Font Info:    Font shape `T1/FiraSans-LF/light/n' will be
(Font)              scaled to size 5.0pt on input line 197.
LaTeX Font Info:    Font shape `T1/FiraSans-LF/l/n' in size <7> not available
(Font)              Font shape `T1/FiraSans-LF/light/n' tried instead on input 
line 197.
LaTeX Font Info:    Font shape `T1/FiraSans-LF/light/n' will be
(Font)              scaled to size 7.0pt on input line 197.
LaTeX Font Info:    Font shape `T1/FiraSans-LF/l/n' in size <8> not available
(Font)              Font shape `T1/FiraSans-LF/light/n' tried instead on input 
line 197.
LaTeX Font Info:    Font shape `T1/FiraSans-LF/light/n' will be
(Font)              scaled to size 8.0pt on input line 197.
<Logos/logo-edf.png, id=20, 1284.8pt x 547.04375pt>
File: Logos/logo-edf.png Graphic file (type png)
<use Logos/logo-edf.png>
Package pdftex.def Info: Logos/logo-edf.png  used on input line 220.
(pdftex.def)             Requested size: 40.09108pt x 17.07182pt.
<Logos/logo-inria.png, id=22, 1204.5pt x 352.31625pt>
File: Logos/logo-inria.png Graphic file (type png)
<use Logos/logo-inria.png>
Package pdftex.def Info: Logos/logo-inria.png  used on input line 220.
(pdftex.def)             Requested size: 58.35385pt x 17.07182pt.
<Logos/logo-uca.jpg, id=23, 289.08pt x 117.8001pt>
File: Logos/logo-uca.jpg Graphic file (type jpg)
<use Logos/logo-uca.jpg>
Package pdftex.def Info: Logos/logo-uca.jpg  used on input line 220.
(pdftex.def)             Requested size: 41.89125pt x 17.07182pt.
LaTeX Font Info:    Font shape `T1/FiraSans-LF/l/n' in size <14.4> not availabl
e
(Font)              Font shape `T1/FiraSans-LF/light/n' tried instead on input 
line 220.
LaTeX Font Info:    Font shape `T1/FiraSans-LF/light/n' will be
(Font)              scaled to size 14.4pt on input line 220.
LaTeX Font Info:    Font shape `T1/FiraSans-LF/medium/n' will be
(Font)              scaled to size 14.4pt on input line 220.
LaTeX Font Info:    Font shape `T1/FiraSans-LF/l/n' in size <12> not available
(Font)              Font shape `T1/FiraSans-LF/light/n' tried instead on input 
line 220.
LaTeX Font Info:    Font shape `T1/FiraSans-LF/light/n' will be
(Font)              scaled to size 12.0pt on input line 220.
LaTeX Font Info:    Font shape `T1/FiraSans-LF/l/n' in size <9> not available
(Font)              Font shape `T1/FiraSans-LF/light/n' tried instead on input 
line 220.
LaTeX Font Info:    Font shape `T1/FiraSans-LF/light/n' will be
(Font)              scaled to size 9.0pt on input line 220.
[1

{C:/Users/Gaspard/AppData/Local/MiKTeX/fonts/map/pdftex/pdftex.map}{C:/Users/Ga
spard/AppData/Local/Programs/MiKTeX/fonts/enc/dvips/fira/fir_tz2nek.enc} <./Log
os/logo-edf.png> <./Logos/logo-inria.png> <./Logos/logo-uca.jpg>]
(content.tex
LaTeX Font Info:    Trying to load font information for U+msa on input line 1.

(C:\Users\Gaspard\AppData\Local\Programs\MiKTeX\tex/latex/amsfonts\umsa.fd
File: umsa.fd 2013/01/14 v3.01 AMS symbols A
)
LaTeX Font Info:    Trying to load font information for U+msb on input line 1.

(C:\Users\Gaspard\AppData\Local\Programs\MiKTeX\tex/latex/amsfonts\umsb.fd
File: umsb.fd 2013/01/14 v3.01 AMS symbols B
)
LaTeX Font Info:    Font shape `T1/FiraSans-LF/m/n' in size <10> not available
(Font)              Font shape `T1/FiraSans-LF/regular/n' tried instead on inpu
t line 1.
LaTeX Font Info:    Font shape `T1/FiraSans-LF/regular/n' will be
(Font)              scaled to size 10.0pt on input line 1.
LaTeX Font Info:    Font shape `T1/FiraSans-LF/m/n' in size <7> not available
(Font)              Font shape `T1/FiraSans-LF/regular/n' tried instead on inpu
t line 1.
LaTeX Font Info:    Font shape `T1/FiraSans-LF/regular/n' will be
(Font)              scaled to size 7.0pt on input line 1.
LaTeX Font Info:    Font shape `T1/FiraSans-LF/m/n' in size <5> not available
(Font)              Font shape `T1/FiraSans-LF/regular/n' tried instead on inpu
t line 1.
LaTeX Font Info:    Font shape `T1/FiraSans-LF/regular/n' will be
(Font)              scaled to size 5.0pt on input line 1.
LaTeX Font Info:    Font shape `T1/FiraSans-LF/m/it' in size <10> not available

(Font)              Font shape `T1/FiraSans-LF/regular/it' tried instead on inp
ut line 1.
LaTeX Font Info:    Font shape `T1/FiraSans-LF/regular/it' will be
(Font)              scaled to size 10.0pt on input line 1.
LaTeX Font Info:    Font shape `T1/FiraSans-LF/m/it' in size <7> not available
(Font)              Font shape `T1/FiraSans-LF/regular/it' tried instead on inp
ut line 1.
LaTeX Font Info:    Font shape `T1/FiraSans-LF/regular/it' will be
(Font)              scaled to size 7.0pt on input line 1.
LaTeX Font Info:    Font shape `T1/FiraSans-LF/m/it' in size <5> not available
(Font)              Font shape `T1/FiraSans-LF/regular/it' tried instead on inp
ut line 1.
LaTeX Font Info:    Font shape `T1/FiraSans-LF/regular/it' will be
(Font)              scaled to size 5.0pt on input line 1.

[2

]
LaTeX Font Info:    Font shape `T1/FiraSans-LF/l/sc' in size <10> not available

(Font)              Font shape `T1/FiraSans-LF/light/sc' tried instead on input
 line 24.
LaTeX Font Info:    Font shape `T1/FiraSans-LF/light/sc' will be
(Font)              scaled to size 10.0pt on input line 24.
LaTeX Font Info:    Font shape `T1/FiraSans-LF/medium/n' will be
(Font)              scaled to size 8.0pt on input line 24.
LaTeX Font Info:    Font shape `T1/FiraSans-LF/medium/n' will be
(Font)              scaled to size 12.0pt on input line 24.
LaTeX Font Info:    Font shape `T1/FiraSans-LF/l/n' in size <4> not available
(Font)              Font shape `T1/FiraSans-LF/light/n' tried instead on input 
line 24.
LaTeX Font Info:    Font shape `T1/FiraSans-LF/light/n' will be
(Font)              scaled to size 4.0pt on input line 24.
 [3

{C:/Users/Gaspard/AppData/Local/Programs/MiKTeX/fonts/enc/dvips/fira/fir_uhzub2
.enc}] [4

]
<Images/time-series/national-load-curves.pdf, id=51, 1134.63902pt x 287.27327pt
>
File: Images/time-series/national-load-curves.pdf Graphic file (type pdf)
<use Images/time-series/national-load-curves.pdf>
Package pdftex.def Info: Images/time-series/national-load-curves.pdf  used on i
nput line 28.
(pdftex.def)             Requested size: 201.51888pt x 51.01875pt.
<Images/time-series/ecg.pdf, id=52, 1134.63902pt x 287.27327pt>
File: Images/time-series/ecg.pdf Graphic file (type pdf)
<use Images/time-series/ecg.pdf>
Package pdftex.def Info: Images/time-series/ecg.pdf  used on input line 28.
(pdftex.def)             Requested size: 201.51888pt x 51.01875pt.
<Images/time-series/traffic.pdf, id=53, 1134.63902pt x 287.27327pt>
File: Images/time-series/traffic.pdf Graphic file (type pdf)
<use Images/time-series/traffic.pdf>
Package pdftex.def Info: Images/time-series/traffic.pdf  used on input line 28.

(pdftex.def)             Requested size: 201.51888pt x 51.01875pt.
<Images/time-series/solar.pdf, id=54, 1134.63902pt x 287.27327pt>
File: Images/time-series/solar.pdf Graphic file (type pdf)
<use Images/time-series/solar.pdf>
Package pdftex.def Info: Images/time-series/solar.pdf  used on input line 28.
(pdftex.def)             Requested size: 201.51888pt x 51.01875pt.
 [5

 <./Images/time-series/national-load-curves.pdf> <./Images/time-series/ecg.pdf

pdfTeX warning: pdflatex.exe (file ./Images/time-series/ecg.pdf): PDF inclusion
: multiple pdfs with page group included in a single page
> <./Images/time-series/traffic.pdf

pdfTeX warning: pdflatex.exe (file ./Images/time-series/traffic.pdf): PDF inclu
sion: multiple pdfs with page group included in a single page
> <./Images/time-series/solar.pdf

pdfTeX warning: pdflatex.exe (file ./Images/time-series/solar.pdf): PDF inclusi
on: multiple pdfs with page group included in a single page
>]
LaTeX Font Info:    Font shape `T1/FiraSans-LF/m/n' in size <9> not available
(Font)              Font shape `T1/FiraSans-LF/regular/n' tried instead on inpu
t line 42.
LaTeX Font Info:    Font shape `T1/FiraSans-LF/regular/n' will be
(Font)              scaled to size 9.0pt on input line 42.
LaTeX Font Info:    Font shape `T1/FiraSans-LF/m/n' in size <6> not available
(Font)              Font shape `T1/FiraSans-LF/regular/n' tried instead on inpu
t line 42.
LaTeX Font Info:    Font shape `T1/FiraSans-LF/regular/n' will be
(Font)              scaled to size 6.0pt on input line 42.
LaTeX Font Info:    Font shape `T1/FiraSans-LF/m/it' in size <9> not available
(Font)              Font shape `T1/FiraSans-LF/regular/it' tried instead on inp
ut line 42.
LaTeX Font Info:    Font shape `T1/FiraSans-LF/regular/it' will be
(Font)              scaled to size 9.0pt on input line 42.
LaTeX Font Info:    Font shape `T1/FiraSans-LF/m/it' in size <6> not available
(Font)              Font shape `T1/FiraSans-LF/regular/it' tried instead on inp
ut line 42.
LaTeX Font Info:    Font shape `T1/FiraSans-LF/regular/it' will be
(Font)              scaled to size 6.0pt on input line 42.
<Images/time-series/national-load-curves-forecast.pdf, id=65, 1134.63902pt x 28
7.27327pt>
File: Images/time-series/national-load-curves-forecast.pdf Graphic file (type p
df)
<use Images/time-series/national-load-curves-forecast.pdf>
Package pdftex.def Info: Images/time-series/national-load-curves-forecast.pdf  
used on input line 42.
(pdftex.def)             Requested size: 240.93869pt x 60.99983pt.
 [6

 <./Images/time-series/national-load-curves-forecast.pdf>] [7

]
LaTeX Font Info:    Font shape `T1/FiraSans-LF/medium/n' will be
(Font)              scaled to size 9.0pt on input line 68.


Package natbib Warning: Citation `chronos2' on page 8 undefined on input line 6
8.


Package natbib Warning: Citation `tabpfn-ts' on page 8 undefined on input line 
68.


Package natbib Warning: Citation `ts-icl' on page 8 undefined on input line 68.


LaTeX Font Info:    Trying to load font information for TS1+FiraSans-LF on inpu
t line 68.

(C:\Users\Gaspard\AppData\Local\Programs\MiKTeX\tex/latex/fira\ts1firasans-lf.f
d
File: TS1FiraSans-LF.fd 2019/10/10 (autoinst) Font definitions for TS1/FiraSans
-LF.
)
LaTeX Font Info:    Font shape `TS1/FiraSans-LF/l/n' in size <9> not available
(Font)              Font shape `TS1/FiraSans-LF/light/n' tried instead on input
 line 68.
LaTeX Font Info:    Font shape `TS1/FiraSans-LF/light/n' will be
(Font)              scaled to size 9.0pt on input line 68.
<Images/ongoing/chronos_prev.png, id=88, 1003.95074pt x 231.264pt>
File: Images/ongoing/chronos_prev.png Graphic file (type png)
<use Images/ongoing/chronos_prev.png>
Package pdftex.def Info: Images/ongoing/chronos_prev.png  used on input line 68
.
(pdftex.def)             Requested size: 332.32945pt x 76.55377pt.
LaTeX Font Info:    Font shape `T1/FiraSans-LF/l/sc' in size <9> not available
(Font)              Font shape `T1/FiraSans-LF/light/sc' tried instead on input
 line 68.
LaTeX Font Info:    Font shape `T1/FiraSans-LF/light/sc' will be
(Font)              scaled to size 9.0pt on input line 68.

Overfull \vbox (13.05228pt too high) detected at line 68
 []

[8

{C:/Users/Gaspard/AppData/Local/Programs/MiKTeX/fonts/enc/dvips/fira/fir_d67aat
.enc} <./Images/ongoing/chronos_prev.png>]
<Images/ongoing/pretrained-model.png, id=99, 545.03625pt x 204.765pt>
File: Images/ongoing/pretrained-model.png Graphic file (type png)
<use Images/ongoing/pretrained-model.png>
Package pdftex.def Info: Images/ongoing/pretrained-model.png  used on input lin
e 90.
(pdftex.def)             Requested size: 166.16156pt x 62.42354pt.

pdfTeX warning (ext4): destination with the same identifier (name{fig:placehold
er}) has been already used, duplicate ignored
<to be read again> 
                   \relax 
l.90 \end{frame}
                
LaTeX Font Info:    Font shape `T1/FiraSans-LF/l/it' in size <9> not available
(Font)              Font shape `T1/FiraSans-LF/light/it' tried instead on input
 line 90.
LaTeX Font Info:    Font shape `T1/FiraSans-LF/light/it' will be
(Font)              scaled to size 9.0pt on input line 90.
 [9

 <./Images/ongoing/pretrained-model.png>]
LaTeX Font Info:    Font shape `TS1/FiraSans-LF/l/n' in size <10> not available

(Font)              Font shape `TS1/FiraSans-LF/light/n' tried instead on input
 line 107.
LaTeX Font Info:    Font shape `TS1/FiraSans-LF/light/n' will be
(Font)              scaled to size 10.0pt on input line 107.
LaTeX Font Info:    Font shape `T1/FiraSans-LF/l/it' in size <10> not available

(Font)              Font shape `T1/FiraSans-LF/light/it' tried instead on input
 line 107.
LaTeX Font Info:    Font shape `T1/FiraSans-LF/light/it' will be
(Font)              scaled to size 10.0pt on input line 107.
 [10

]
<Images/ongoing/chronos_forecast_series_3_t671_lag672_h168.pdf, id=116, 1430.92
024pt x 344.14911pt>
File: Images/ongoing/chronos_forecast_series_3_t671_lag672_h168.pdf Graphic fil
e (type pdf)
<use Images/ongoing/chronos_forecast_series_3_t671_lag672_h168.pdf>
Package pdftex.def Info: Images/ongoing/chronos_forecast_series_3_t671_lag672_h
168.pdf  used on input line 139.
(pdftex.def)             Requested size: 415.41025pt x 99.9057pt.

pdfTeX warning (ext4): destination with the same identifier (name{fig:placehold
er}) has been already used, duplicate ignored
<to be read again> 
                   \relax 
l.139 \end{frame}
                  [11

 <./Images/ongoing/chronos_forecast_series_3_t671_lag672_h168.pdf>]
<Images/ongoing/chronos_forecast_series_3_t671_lag672_h168 (3).pdf, id=164, 143
0.92024pt x 342.05177pt>
File: Images/ongoing/chronos_forecast_series_3_t671_lag672_h168 (3).pdf Graphic
 file (type pdf)
<use Images/ongoing/chronos_forecast_series_3_t671_lag672_h168 (3).pdf>
Package pdftex.def Info: Images/ongoing/chronos_forecast_series_3_t671_lag672_h
168 (3).pdf  used on input line 139.
(pdftex.def)             Requested size: 415.41025pt x 99.29686pt.
 [12

 <./Images/ongoing/chronos_forecast_series_3_t671_lag672_h168 (3).pdf>]
<Images/ongoing/chronos_forecast_series_3_t671_lag672_h168 (2).pdf, id=214, 143
0.92024pt x 342.05177pt>
File: Images/ongoing/chronos_forecast_series_3_t671_lag672_h168 (2).pdf Graphic
 file (type pdf)
<use Images/ongoing/chronos_forecast_series_3_t671_lag672_h168 (2).pdf>
Package pdftex.def Info: Images/ongoing/chronos_forecast_series_3_t671_lag672_h
168 (2).pdf  used on input line 139.
(pdftex.def)             Requested size: 415.41025pt x 99.29686pt.
 [13

 <./Images/ongoing/chronos_forecast_series_3_t671_lag672_h168 (2).pdf>]
LaTeX Font Info:    Font shape `T1/FiraSans-LF/medium/n' will be
(Font)              scaled to size 10.0pt on input line 166.


Package natbib Warning: Citation `berthelierinvestigating' on page 14 undefined
 on input line 166.

[14

] [15

]
<Images/ongoing/neighbors.png, id=275, 657.45625pt x 413.545pt>
File: Images/ongoing/neighbors.png Graphic file (type png)
<use Images/ongoing/neighbors.png>
Package pdftex.def Info: Images/ongoing/neighbors.png  used on input line 204.
(pdftex.def)             Requested size: 183.44316pt x 115.38164pt.
 [16

 <./Images/ongoing/neighbors.png>]

Package natbib Warning: Citation `khandelwal2019generalization' on page 17 unde
fined on input line 224.


Package natbib Warning: Citation `marfoq2022personalized' on page 17 undefined 
on input line 224.


Package natbib Warning: Citation `lee2026cross' on page 17 undefined on input l
ine 224.

File: Images/ongoing/pretrained-model.png Graphic file (type png)
<use Images/ongoing/pretrained-model.png>
Package pdftex.def Info: Images/ongoing/pretrained-model.png  used on input lin
e 224.
(pdftex.def)             Requested size: 166.16156pt x 62.42354pt.

pdfTeX warning (ext4): destination with the same identifier (name{fig:placehold
er}) has been already used, duplicate ignored
<to be read again> 
                   \relax 
l.224 \end{frame}
                  [17

] [18

]
<Images/ongoing/predictions.png, id=294, 651.43375pt x 516.93124pt>
File: Images/ongoing/predictions.png Graphic file (type png)
<use Images/ongoing/predictions.png>
Package pdftex.def Info: Images/ongoing/predictions.png  used on input line 253
.
(pdftex.def)             Requested size: 199.39514pt x 158.22777pt.
 [19

 <./Images/ongoing/predictions.png>] [20

]
LaTeX Font Info:    Font shape `T1/FiraSans-LF/medium/n' will be
(Font)              scaled to size 7.0pt on input line 314.

[21

] [22

]
Overfull \hbox (1.15334pt too wide) detected at line 392
\T1/FiraSans-LF/regular/it/9 z[] \OT1/cmss/m/n/9 = [](\T1/FiraSans-LF/regular/i
t/9 x\OML/cmm/m/it/9 ; \T1/FiraSans-LF/regular/it/9 X[]\OML/cmm/m/it/9 ; \T1/Fi
raSans-LF/regular/it/9 Y[]\OT1/cmss/m/n/9 )\OML/cmm/m/it/9 ;  \T1/FiraSans-LF/r
egular/it/9 y[] \OT1/cmss/m/n/9 = [] + []([[]\OML/cmm/m/it/9 ; \T1/FiraSans-LF/
regular/it/9 z[]\OT1/cmss/m/n/9 ])\OML/cmm/m/it/9 :
 []

[23

] [24

] [25

] [26

]

Package hyperref Warning: Token not allowed in a PDF string (Unicode):
(hyperref)                removing `\translate ' on input line 435.

[27

] [28

] [29

] [30

]
No file main.bbl.
[31

])
\tf@nav=\write6
\openout6 = `main.nav'.

\tf@toc=\write7
\openout7 = `main.toc'.

\tf@snm=\write8
\openout8 = `main.snm'.



Package natbib Warning: There were undefined citations.

(main.aux)
 ***********
LaTeX2e <2026-06-01>
L3 programming layer <2026-05-26>
 ***********


LaTeX Warning: There were multiply-defined labels.


Package rerunfilecheck Warning: File `main.out' has changed.
(rerunfilecheck)                Rerun to get outlines right
(rerunfilecheck)                or use package `bookmark'.

Package rerunfilecheck Info: Checksums for `main.out':
(rerunfilecheck)             Before: A7193C4B3C3768417DE28D36880CADE0;222
(rerunfilecheck)             After:  5C19710818F7FC8CB0CBCF3D894D9BC7;477.
 ) 
Here is how much of TeX's memory you used:
 30711 strings out of 467509
 643046 string characters out of 5407828
 1014711 words of memory out of 5000000
 59276 multiletter control sequences out of 15000+600000
 1056562 words of font info for 125 fonts, out of 8000000 for 9000
 1141 hyphenation exceptions out of 8191
 128i,15n,126p,1853b,1072s stack positions out of 10000i,1000n,20000p,200000b,200000s
 <C:\Users\Gaspard\AppData\Local\MiKTeX\fonts/pk/ljfour/jknappen/ec/dpi600\ec
rm0600.pk> <C:\Users\Gaspard\AppData\Local\MiKTeX\fonts/pk/ljfour/jknappen/ec/d
pi600\ectt0900.pk><C:/Users/Gaspard/AppData/Local/Programs/MiKTeX/fonts/type1/p
ublic/fira/FiraSans-Italic.pfb><C:/Users/Gaspard/AppData/Local/Programs/MiKTeX/
fonts/type1/public/fira/FiraSans-Light.pfb><C:/Users/Gaspard/AppData/Local/Prog
rams/MiKTeX/fonts/type1/public/fira/FiraSans-LightItalic.pfb><C:/Users/Gaspard/
AppData/Local/Programs/MiKTeX/fonts/type1/public/fira/FiraSans-Medium.pfb><C:/U
sers/Gaspard/AppData/Local/Programs/MiKTeX/fonts/type1/public/fira/FiraSans-Reg
ular.pfb><C:/Users/Gaspard/AppData/Local/Programs/MiKTeX/fonts/type1/public/ams
fonts/cmextra/cmex9.pfb><C:/Users/Gaspard/AppData/Local/Programs/MiKTeX/fonts/t
ype1/public/amsfonts/cm/cmmi10.pfb><C:/Users/Gaspard/AppData/Local/Programs/MiK
TeX/fonts/type1/public/amsfonts/cm/cmmi6.pfb><C:/Users/Gaspard/AppData/Local/Pr
ograms/MiKTeX/fonts/type1/public/amsfonts/cm/cmmi9.pfb><C:/Users/Gaspard/AppDat
a/Local/Programs/MiKTeX/fonts/type1/public/amsfonts/cm/cmss10.pfb><C:/Users/Gas
pard/AppData/Local/Programs/MiKTeX/fonts/type1/public/amsfonts/cm/cmss8.pfb><C:
/Users/Gaspard/AppData/Local/Programs/MiKTeX/fonts/type1/public/amsfonts/cm/cms
s9.pfb><C:/Users/Gaspard/AppData/Local/Programs/MiKTeX/fonts/type1/public/amsfo
nts/cm/cmsy10.pfb><C:/Users/Gaspard/AppData/Local/Programs/MiKTeX/fonts/type1/p
ublic/amsfonts/cm/cmsy6.pfb><C:/Users/Gaspard/AppData/Local/Programs/MiKTeX/fon
ts/type1/public/amsfonts/cm/cmsy7.pfb><C:/Users/Gaspard/AppData/Local/Programs/
MiKTeX/fonts/type1/public/amsfonts/cm/cmsy9.pfb><C:/Users/Gaspard/AppData/Local
/Programs/MiKTeX/fonts/type1/public/amsfonts/symbols/msbm10.pfb>
Output written on main.pdf (31 pages, 993914 bytes).
PDF statistics:
 501 PDF objects out of 1000 (max. 8388607)
 69 named destinations out of 1000 (max. 500000)
 134 words of extra memory for PDF output out of 10000 (max. 10000000)

